   RSS: 2.1585876     var: 51.7934725     oS: 1.0000000       d: 0.1000000  wind_x: 0.0500000  wind_y: 0.0500000 
   RSS: 4.1920832     var: 59.5624934     oS: 1.0000000       d: 0.1000000  wind_x: 0.0500000  wind_y: 0.0500000 
   RSS: 2.3586841     var: 51.7934725     oS: 1.1500000       d: 0.1000000  wind_x: 0.0500000  wind_y: 0.0500000 
   RSS: 2.6613057     var: 51.7934725     oS: 1.0000000       d: 0.1150000  wind_x: 0.0500000  wind_y: 0.0500000 
   RSS: 2.2647566     var: 51.7934725     oS: 1.0000000       d: 0.1000000  wind_x: 0.0575000  wind_y: 0.0500000 
   RSS: 2.2356668     var: 51.7934725     oS: 1.0000000       d: 0.1000000  wind_x: 0.0500000  wind_y: 0.0575000 
   RSS: 1.2712798     var: 44.0244516     oS: 1.0600000       d: 0.1060000  wind_x: 0.0530000  wind_y: 0.0530000 
   RSS: 1.1530206     var: 36.2554308     oS: 1.0900000       d: 0.1090000  wind_x: 0.0545000  wind_y: 0.0545000 
   RSS: 1.3387348     var: 45.5782558     oS: 1.0960000       d: 0.0886000  wind_x: 0.0548000  wind_y: 0.0548000 
   RSS: 1.2574434     var: 43.0921691     oS: 0.9244000       d: 0.0990400  wind_x: 0.0567200  wind_y: 0.0567200 
   RSS: 1.1483738     var: 39.6116478     oS: 1.0441600       d: 0.0986560  wind_x: 0.0489080  wind_y: 0.0594080 
   RSS: 1.5912634     var: 33.5207354     oS: 1.0662400       d: 0.0979840  wind_x: 0.0446120  wind_y: 0.0641120 
   RSS: 1.4864321     var: 34.7389179     oS: 1.0618240       d: 0.0981184  wind_x: 0.0559712  wind_y: 0.0526712 
   RSS: 2.6032639     var: 27.9170960     oS: 1.0865536       d: 0.0973658  wind_x: 0.0583597  wind_y: 0.0612397 
   RSS: 1.3669435     var: 45.8243784     oS: 1.0216384       d: 0.0993414  wind_x: 0.0520899  wind_y: 0.0528099 
   RSS: 1.8327390     var: 49.4058349     oS: 1.0086554       d: 0.0997366  wind_x: 0.0508360  wind_y: 0.0586240 
   RSS: 1.2055819     var: 38.4056471     oS: 1.0485318       d: 0.0985229  wind_x: 0.0546874  wind_y: 0.0541594 
   RSS: 1.4065188     var: 35.3528819     oS: 1.0595983       d: 0.0981861  wind_x: 0.0557562  wind_y: 0.0590250 
   RSS: 1.2044898     var: 43.2065043     oS: 1.0311284       d: 0.0990526  wind_x: 0.0530065  wind_y: 0.0543637 
   RSS: 1.3085874     var: 34.6503038     oS: 0.9592881       d: 0.1131086  wind_x: 0.0523288  wind_y: 0.0568604 
   RSS: 1.1750448     var: 37.3822918     oS: 0.9934661       d: 0.1069815  wind_x: 0.0529466  wind_y: 0.0563453 
  xi_+: 6.7235208     var: 39.6116478     oS: 1.0441600       d: 0.0986560  wind_x: 0.0489080  wind_y: 0.0594080 
  xi_+: 6.7369354     var: 45.5533949     oS: 1.0441600       d: 0.0986560  wind_x: 0.0489080  wind_y: 0.0594080 
  xi_+: 6.7309187     var: 39.6116478     oS: 1.2007840       d: 0.0986560  wind_x: 0.0489080  wind_y: 0.0594080 
  xi_+: 7.0952684     var: 39.6116478     oS: 1.0441600       d: 0.1134544  wind_x: 0.0489080  wind_y: 0.0594080 
  xi_+: 6.6934084     var: 39.6116478     oS: 1.0441600       d: 0.0986560  wind_x: 0.0562442  wind_y: 0.0594080 
  xi_+: 6.8270701     var: 39.6116478     oS: 1.0441600       d: 0.0986560  wind_x: 0.0489080  wind_y: 0.0683192 
  xi_+: 6.7565174     var: 41.9883466     oS: 1.1068096       d: 0.0838576  wind_x: 0.0518425  wind_y: 0.0629725 
  xi_+: 6.6237188     var: 42.9390262     oS: 1.1318694       d: 0.0927366  wind_x: 0.0530163  wind_y: 0.0519226 
  xi_+: 6.6226353     var: 44.6027154     oS: 1.1757242       d: 0.0897770  wind_x: 0.0550704  wind_y: 0.0437243 
  xi_+: 6.7783529     var: 41.6080748     oS: 1.0967857       d: 0.1099028  wind_x: 0.0513730  wind_y: 0.0495700 
  xi_+: 6.6644479     var: 41.8932787     oS: 1.1043036       d: 0.0903689  wind_x: 0.0517251  wind_y: 0.0596219 
  xi_+: 6.5766221     var: 36.5789800     oS: 1.1834927       d: 0.0917895  wind_x: 0.0554343  wind_y: 0.0532201 
  xi_+: 6.5137454     var: 32.0917726     oS: 1.2531591       d: 0.0883563  wind_x: 0.0586974  wind_y: 0.0501261 
  xi_+: 6.5874568     var: 39.5127771     oS: 1.0478187       d: 0.0876697  wind_x: 0.0593501  wind_y: 0.0495073 
  xi_+: 6.5668691     var: 39.4732288     oS: 1.2059062       d: 0.0832751  wind_x: 0.0635269  wind_y: 0.0455470 
  xi_+: 6.6829908     var: 39.4178613     oS: 1.2706047       d: 0.0771228  wind_x: 0.0591037  wind_y: 0.0400026 
  xi_+: 6.6412897     var: 39.4663079     oS: 1.2139935       d: 0.0825061  wind_x: 0.0583889  wind_y: 0.0448540 
  xi_+: 6.4840359     var: 36.1654420     oS: 1.2543371       d: 0.0822648  wind_x: 0.0662883  wind_y: 0.0338816 
  xi_+: 6.4041813     var: 33.3015237     oS: 1.3293538       d: 0.0782127  wind_x: 0.0735700  wind_y: 0.0210115 
  xi_+: 6.4559144     var: 36.1264992     oS: 1.1907913       d: 0.0884102  wind_x: 0.0656970  wind_y: 0.0391125 
  xi_+: 6.3194426     var: 27.5996051     oS: 1.2350875       d: 0.0805927  wind_x: 0.0732661  wind_y: 0.0383975 
  xi_+: 6.1663800     var: 19.0980500     oS: 1.2647691       d: 0.0760005  wind_x: 0.0823640  wind_y: 0.0357341 
  xi_+: 6.2467568     var: 24.5236526     oS: 1.4497731       d: 0.0780323  wind_x: 0.0781921  wind_y: 0.0271052 
  xi_+: 6.2404205     var: 18.5833704     oS: 1.3892323       d: 0.0803297  wind_x: 0.0798813  wind_y: 0.0236887 
  xi_+: 6.3748051     var: 20.5614658     oS: 1.3964088       d: 0.0720378  wind_x: 0.0931843  wind_y: 0.0085346 
  xi_+: 6.2610311     var: 10.3007258     oS: 1.5410236       d: 0.0654350  wind_x: 0.0971796  wind_y: 0.0073171 
  xi_+: 6.6049045     var: 3.9253821      oS: 1.4871289       d: 0.0705214  wind_x: 0.0987506  wind_y: 0.0199404 
  xi_+: 6.2825243     var: 25.9574883     oS: 1.3687976       d: 0.0762899  wind_x: 0.0798651  wind_y: 0.0207437 
  xi_+: 6.2138998     var: 18.8238491     oS: 1.4090295       d: 0.0783971  wind_x: 0.0738085  wind_y: 0.0373008 
  xi_+: 6.2089170     var: 10.5743709     oS: 1.4527334       d: 0.0749879  wind_x: 0.0847051  wind_y: 0.0317146 
  xi_+: 6.5238568     var: 26.3405913     oS: 1.2451914       d: 0.0896640  wind_x: 0.0624008  wind_y: 0.0549002 
  xi_+: 6.1791855     var: 14.3106922     oS: 1.4670655       d: 0.0714922  wind_x: 0.0884849  wind_y: 0.0192129 
  xi_+: 6.2579301     var: 8.0324804      oS: 1.3433589       d: 0.0744507  wind_x: 0.0855055  wind_y: 0.0319553 
  xi_+: 6.2001449     var: 20.4008596     oS: 1.4231695       d: 0.0771369  wind_x: 0.0800204  wind_y: 0.0283177 
  xi_+: 6.0765910     var: 14.6997583     oS: 1.4174746       d: 0.0708762  wind_x: 0.0838719  wind_y: 0.0372233 
  xi_+: 6.0278143     var: 12.7579523     oS: 1.4315957       d: 0.0661494  wind_x: 0.0858671  wind_y: 0.0439907 
  xi_+: 6.1368925     var: 12.0329209     oS: 1.4067038       d: 0.0679097  wind_x: 0.0947681  wind_y: 0.0262871 
  xi_+: 6.0936077     var: 20.8658191     oS: 1.3445880       d: 0.0684876  wind_x: 0.0878967  wind_y: 0.0297023 
  xi_+: 6.0105251     var: 11.2253142     oS: 1.3427194       d: 0.0628789  wind_x: 0.0957319  wind_y: 0.0336532 
  xi_+: 6.0804218     var: 6.6375416      oS: 1.3024943       d: 0.0557499  wind_x: 0.1035877  wind_y: 0.0363209 
  xi_+: 6.0386374     var: 16.0813304     oS: 1.2490849       d: 0.0650782  wind_x: 0.0901662  wind_y: 0.0485341 
  xi_+: 5.9408751     var: 10.0872848     oS: 1.4451076       d: 0.0562010  wind_x: 0.0994081  wind_y: 0.0371329 
  xi_+: 6.0896536     var: 5.5819021      oS: 1.5352768       d: 0.0463013  wind_x: 0.1079301  wind_y: 0.0378323 
  xi_+: 5.9508588     var: 16.3741594     oS: 1.3185344       d: 0.0596084  wind_x: 0.0888599  wind_y: 0.0509181 
  xi_+: 6.4368471     var: 5.7445973      oS: 1.3702287       d: 0.0554788  wind_x: 0.0961166  wind_y: 0.0559892 
  xi_+: 5.9888953     var: 17.0855137     oS: 1.3509982       d: 0.0652354  wind_x: 0.0899517  wind_y: 0.0362741 
  xi_+: 5.9105602     var: 10.9307594     oS: 1.5064972       d: 0.0589510  wind_x: 0.0937613  wind_y: 0.0322535 
  xi_+: 5.9249721     var: 8.3554738      oS: 1.6352034       d: 0.0558874  wind_x: 0.0955588  wind_y: 0.0241132 
  xi_+: 5.9017225     var: 13.5232603     oS: 1.3539470       d: 0.0550005  wind_x: 0.1012180  wind_y: 0.0321020 
  xi_+: 5.9483756     var: 13.9059143     oS: 1.3151227       d: 0.0494260  wind_x: 0.1088935  wind_y: 0.0261577 
  xi_+: 5.8311593     var: 15.9750768     oS: 1.4473144       d: 0.0551196  wind_x: 0.0935477  wind_y: 0.0418191 
  xi_+: 5.8291823     var: 18.3499580     oS: 1.4996119       d: 0.0512400  wind_x: 0.0924555  wind_y: 0.0459021 
  xi_+: 5.8616171     var: 10.6206551     oS: 1.4984810       d: 0.0471649  wind_x: 0.1003294  wind_y: 0.0430494 
  xi_+: 5.9158212     var: 9.0306076      oS: 1.6029235       d: 0.0478146  wind_x: 0.1060090  wind_y: 0.0252578 
  xi_+: 5.7937776     var: 14.8948114     oS: 1.5394767       d: 0.0478674  wind_x: 0.0981012  wind_y: 0.0342930 
  xi_+: 5.8154931     var: 17.2985747     oS: 1.5866612       d: 0.0437005  wind_x: 0.0974478  wind_y: 0.0328731 
  xi_+: 5.8893817     var: 18.2971701     oS: 1.3562820       d: 0.0562749  wind_x: 0.0883372  wind_y: 0.0497822 
  xi_+: 5.9955400     var: 19.3435826     oS: 1.3926223       d: 0.0440680  wind_x: 0.0984153  wind_y: 0.0497980 
  xi_+: 5.8342250     var: 13.0339652     oS: 1.4780285       d: 0.0552303  wind_x: 0.0949248  wind_y: 0.0366396 
  xi_+: 5.8951032     var: 16.5553636     oS: 1.5948050       d: 0.0481105  wind_x: 0.0884412  wind_y: 0.0517645 
  xi_+: 5.8173034     var: 15.7973378     oS: 1.5345905       d: 0.0498330  wind_x: 0.0916354  wind_y: 0.0468489 
  xi_+: 5.8247246     var: 10.7815209     oS: 1.6637934       d: 0.0442593  wind_x: 0.1026414  wind_y: 0.0329110 
  xi_+: 5.8073851     var: 18.5223822     oS: 1.5877194       d: 0.0522070  wind_x: 0.0915739  wind_y: 0.0355884 
  xi_+: 5.8672700     var: 18.3044389     oS: 1.6520483       d: 0.0429324  wind_x: 0.0956382  wind_y: 0.0415777 
  xi_+: 5.7955256     var: 14.3515836     oS: 1.5215334       d: 0.0521558  wind_x: 0.0951031  wind_y: 0.0378741 
  xi_+: 5.7944117     var: 11.3890963     oS: 1.6392335       d: 0.0472891  wind_x: 0.0991665  wind_y: 0.0291041 
  xi_+: 5.8386393     var: 19.2005636     oS: 1.4652280       d: 0.0554816  wind_x: 0.0875907  wind_y: 0.0405724 
  xi_+: 5.7904362     var: 12.8862816     oS: 1.6141521       d: 0.0470649  wind_x: 0.0988787  wind_y: 0.0348264 
  xi_+: 5.8693939     var: 13.0203243     oS: 1.6262555       d: 0.0488007  wind_x: 0.1014939  wind_y: 0.0218256 
  xi_+: 5.7792446     var: 15.1030844     oS: 1.5575068       d: 0.0495749  wind_x: 0.0941001  wind_y: 0.0405930 
  xi_+: 5.8473609     var: 8.9275607      oS: 1.5610416       d: 0.0453738  wind_x: 0.1025660  wind_y: 0.0350878 
  xi_+: 5.7849948     var: 16.1236768     oS: 1.5810499       d: 0.0504987  wind_x: 0.0943219  wind_y: 0.0354633 
  xi_+: 5.7839405     var: 13.8071966     oS: 1.6510341       d: 0.0447622  wind_x: 0.0987242  wind_y: 0.0318378 
  xi_+: 5.8062514     var: 17.7369240     oS: 1.5380544       d: 0.0486182  wind_x: 0.0944840  wind_y: 0.0417013 
  xi_+: 5.7823098     var: 12.9760532     oS: 1.6139387       d: 0.0476213  wind_x: 0.0979959  wind_y: 0.0322534 
  xi_+: 5.7640233     var: 13.4637057     oS: 1.6675959       d: 0.0479414  wind_x: 0.0955071  wind_y: 0.0356965 
  xi_+: 5.7540498     var: 12.7481528     oS: 1.7316556       d: 0.0479785  wind_x: 0.0942100  wind_y: 0.0363983 
  xi_+: 5.7630660     var: 15.4169840     oS: 1.6399220       d: 0.0491094  wind_x: 0.0928621  wind_y: 0.0357920 
  xi_+: 5.7613556     var: 11.8969116     oS: 1.6965729       d: 0.0451198  wind_x: 0.0968350  wind_y: 0.0352865 
  xi_+: 5.7687890     var: 13.4492778     oS: 1.6448042       d: 0.0509994  wind_x: 0.0916770  wind_y: 0.0402915 
  xi_+: 5.7724218     var: 14.4697110     oS: 1.6942459       d: 0.0494914  wind_x: 0.0898778  wind_y: 0.0430911 
  xi_+: 5.7346880     var: 12.0893304     oS: 1.8053735       d: 0.0475045  wind_x: 0.0920847  wind_y: 0.0357507 
  xi_+: 5.7206827     var: 10.5824535     oS: 1.9293068       d: 0.0464692  wind_x: 0.0910770  wind_y: 0.0333296 
  xi_+: 5.7632652     var: 11.1678009     oS: 1.7626587       d: 0.0463791  wind_x: 0.0967866  wind_y: 0.0293480 
  xi_+: 5.7508499     var: 11.2756433     oS: 1.8592422       d: 0.0430230  wind_x: 0.0970313  wind_y: 0.0277703 
  xi_+: 5.7445575     var: 13.6002572     oS: 1.7800211       d: 0.0463009  wind_x: 0.0920195  wind_y: 0.0380826 
  xi_+: 5.7566445     var: 8.6243833      oS: 1.9587975       d: 0.0424472  wind_x: 0.0956070  wind_y: 0.0325549 
  xi_+: 5.7150380     var: 10.8354445     oS: 2.0070363       d: 0.0453677  wind_x: 0.0911430  wind_y: 0.0319678 
  xi_+: 5.7024274     var: 10.3047109     oS: 2.1622680       d: 0.0454917  wind_x: 0.0882970  wind_y: 0.0303084 
  xi_+: 5.7483358     var: 14.7801037     oS: 1.8262000       d: 0.0492581  wind_x: 0.0894469  wind_y: 0.0338007 
  xi_+: 5.7032093     var: 11.4691146     oS: 2.0911597       d: 0.0442387  wind_x: 0.0889387  wind_y: 0.0289183 
  xi_+: 5.7465428     var: 13.0190127     oS: 2.0563401       d: 0.0496805  wind_x: 0.0828803  wind_y: 0.0380056 
  xi_+: 5.7079331     var: 8.8101158      oS: 2.1814383       d: 0.0436143  wind_x: 0.0878381  wind_y: 0.0336571 
  xi_+: 5.7446988     var: 8.8876481      oS: 2.0013375       d: 0.0407655  wind_x: 0.0963878  wind_y: 0.0277128 
  xi_+: 5.7178178     var: 9.9204893      oS: 2.0150881       d: 0.0429942  wind_x: 0.0930109  wind_y: 0.0302860 
  xi_+: 5.7162559     var: 6.8344965      oS: 2.3716833       d: 0.0428224  wind_x: 0.0876451  wind_y: 0.0245171 
  xi_+: 5.6860206     var: 8.3531173      oS: 2.3993481       d: 0.0411953  wind_x: 0.0872149  wind_y: 0.0257452 
  xi_+: 5.6824050     var: 7.2384493      oS: 2.6343688       d: 0.0385583  wind_x: 0.0852839  wind_y: 0.0219530 
  xi_+: 5.6792299     var: 7.9422656      oS: 2.5612791       d: 0.0428959  wind_x: 0.0821902  wind_y: 0.0254556 
  xi_+: 5.6775283     var: 6.9531537      oS: 2.8343746       d: 0.0428468  wind_x: 0.0767798  wind_y: 0.0230403 
  xi_+: 5.7002709     var: 11.0757213     oS: 2.3897604       d: 0.0430775  wind_x: 0.0832098  wind_y: 0.0306337 
  xi_+: 5.6925678     var: 10.0063441     oS: 2.6633343       d: 0.0420709  wind_x: 0.0811655  wind_y: 0.0202844 
  xi_+: 5.6709186     var: 6.7622371      oS: 2.9824827       d: 0.0405794  wind_x: 0.0769557  wind_y: 0.0215696 
  xi_+: 5.7147377     var: 4.4087984      oS: 3.4281443       d: 0.0387497  wind_x: 0.0709642  wind_y: 0.0178953 
  xi_+: 5.6580786     var: 6.5096513      oS: 3.2394603       d: 0.0373614  wind_x: 0.0730609  wind_y: 0.0166840 
  xi_+: 5.6537773     var: 4.6121215      oS: 3.7780564       d: 0.0332963  wind_x: 0.0654429  wind_y: 0.0098719 
  xi_+: 5.8020268     var: 3.1532010      oS: 3.5672863       d: 0.0358631  wind_x: 0.0710413  wind_y: 0.0080540 
  xi_+: 5.6799576     var: 9.0950912      oS: 2.6841419       d: 0.0412739  wind_x: 0.0801677  wind_y: 0.0249888 
  xi_+: 5.7675814     var: 3.8580770      oS: 3.3020354       d: 0.0365509  wind_x: 0.0726864  wind_y: 0.0202850 
  xi_+: 5.6732668     var: 8.4692773      oS: 2.8230096       d: 0.0406909  wind_x: 0.0790458  wind_y: 0.0202846 
  xi_+: 5.6810067     var: 7.1183031      oS: 3.4064573       d: 0.0409166  wind_x: 0.0660729  wind_y: 0.0179491 
  xi_+: 5.6703247     var: 7.1483396      oS: 3.2134352       d: 0.0403270  wind_x: 0.0708756  wind_y: 0.0189501 
  xi_+: 5.6801339     var: 4.4829605      oS: 3.5684015       d: 0.0378222  wind_x: 0.0674722  wind_y: 0.0124978 
  xi_+: 5.6714419     var: 7.9420585      oS: 2.9052068       d: 0.0404110  wind_x: 0.0769938  wind_y: 0.0218660 
  xi_+: 5.6599516     var: 7.0204599      oS: 3.4465017       d: 0.0352751  wind_x: 0.0709457  wind_y: 0.0139765 
  xi_+: 5.6628143     var: 4.9248093      oS: 3.7072636       d: 0.0352646  wind_x: 0.0654397  wind_y: 0.0142091 
  xi_+: 5.6670805     var: 4.2451285      oS: 3.9458891       d: 0.0334859  wind_x: 0.0628701  wind_y: 0.0095648 
  xi_+: 5.6450190     var: 4.4181064      oS: 4.2539756       d: 0.0304802  wind_x: 0.0572740  wind_y: 0.0050593 
  xi_+: 5.7504894     var: 3.2460411      oS: 4.8897221       d: 0.0254306  wind_x: 0.0474331  wind_y: -0.0031958
  xi_+: 5.7658899     var: 2.9399106      oS: 4.4392394       d: 0.0267938  wind_x: 0.0579133  wind_y: 0.0021226 
  xi_+: 5.6550984     var: 6.0962324      oS: 3.5198862       d: 0.0369437  wind_x: 0.0676351  wind_y: 0.0147432 
  xi_+: 5.6568472     var: 6.5835634      oS: 3.5363844       d: 0.0350180  wind_x: 0.0678249  wind_y: 0.0135792 
  xi_+: 5.6445317     var: 6.5673841      oS: 3.7066582       d: 0.0331407  wind_x: 0.0662093  wind_y: 0.0086830 
  xi_+: 5.6527038     var: 7.3886714      oS: 3.7063555       d: 0.0320788  wind_x: 0.0665940  wind_y: 0.0059199 
  xi_+: 5.6541156     var: 4.2905032      oS: 4.0714826       d: 0.0322765  wind_x: 0.0588087  wind_y: 0.0067981 
  xi_+: 5.6743106     var: 3.8101757      oS: 4.1956393       d: 0.0314370  wind_x: 0.0583231  wind_y: 0.0044830 
  xi_+: 5.6453032     var: 5.8902164      oS: 3.7011981       d: 0.0341227  wind_x: 0.0654494  wind_y: 0.0113051 
  xi_+: 5.6405068     var: 4.2151003      oS: 4.2846622       d: 0.0283829  wind_x: 0.0576387  wind_y: 0.0019438 
  xi_+: 5.7184354     var: 3.2745342      oS: 4.6670501       d: 0.0241024  wind_x: 0.0526405  wind_y: -0.0044560
  xi_+: 5.6335274     var: 5.9906683      oS: 3.8183376       d: 0.0314926  wind_x: 0.0659970  wind_y: 0.0079471 
  xi_+: 5.6437035     var: 6.8407509      oS: 3.6917651       d: 0.0311007  wind_x: 0.0695911  wind_y: 0.0085217 
  xi_+: 5.6326848     var: 6.2204687      oS: 4.1278763       d: 0.0297514  wind_x: 0.0595844  wind_y: 0.0041034 
  xi_+: 5.6477364     var: 7.0246423      oS: 4.3027862       d: 0.0279789  wind_x: 0.0566552  wind_y: 0.0012192 
  xi_+: 5.6141273     var: 5.0744747      oS: 4.3754058       d: 0.0271764  wind_x: 0.0572319  wind_y: -0.0002105
  xi_+: 5.6243463     var: 4.6666038      oS: 4.7125097       d: 0.0237032  wind_x: 0.0531231  wind_y: -0.0059683
  xi_+: 5.6289415     var: 6.8091320      oS: 3.8712004       d: 0.0294974  wind_x: 0.0653905  wind_y: 0.0039274 
  xi_+: 5.6143617     var: 4.7565535      oS: 4.4843347       d: 0.0253795  wind_x: 0.0561277  wind_y: -0.0015985
  xi_+: 5.6426076     var: 7.3254186      oS: 3.9861997       d: 0.0289360  wind_x: 0.0640939  wind_y: 0.0037239 
  xi_+: 5.6188317     var: 4.9926798      oS: 4.2100466       d: 0.0285212  wind_x: 0.0592525  wind_y: 0.0023888 
  xi_+: 5.6177931     var: 5.1506552      oS: 4.6092079       d: 0.0246377  wind_x: 0.0530378  wind_y: -0.0045029
  xi_+: 5.6148817     var: 4.4929294      oS: 4.4922019       d: 0.0243335  wind_x: 0.0568318  wind_y: -0.0041017
  xi_+: 5.7960251     var: 2.9777850      oS: 4.9972784       d: 0.0225219  wind_x: 0.0476021  wind_y: -0.0071373
  xi_+: 5.6099049     var: 5.8512953      oS: 4.1527199       d: 0.0277535  wind_x: 0.0609434  wind_y: 0.0011612 
  xi_+: 5.6072172     var: 5.1376833      oS: 4.6355015       d: 0.0231911  wind_x: 0.0544166  wind_y: -0.0060897
  xi_+: 5.6213408     var: 5.2101851      oS: 4.8482290       d: 0.0205260  wind_x: 0.0519986  wind_y: -0.0103289
  xi_+: 5.6052843     var: 4.9745193      oS: 4.2468576       d: 0.0264959  wind_x: 0.0611827  wind_y: 0.0001672 
  xi_+: 5.6134023     var: 4.8864513      oS: 4.0656825       d: 0.0274250  wind_x: 0.0652552  wind_y: 0.0025023 
  xi_+: 5.6150606     var: 5.8248810      oS: 4.2657259       d: 0.0276651  wind_x: 0.0591292  wind_y: 0.0014736 
  xi_+: 5.6073209     var: 4.8259173      oS: 4.4355829       d: 0.0251664  wind_x: 0.0574061  wind_y: -0.0027079
  xi_+: 5.5998770     var: 5.5890024      oS: 4.2540924       d: 0.0265337  wind_x: 0.0603446  wind_y: -0.0014734
  xi_+: 5.5992370     var: 6.0052269      oS: 4.1389713       d: 0.0271109  wind_x: 0.0624530  wind_y: -0.0014108
