  xiplus: 29.213280       var: 377.403243       oS: 1.559652          d: 0.098988     wind_x: 0.070942     wind_y: 0.109184  
  xiplus: 29.205083       var: 434.013729       oS: 1.559652          d: 0.098988     wind_x: 0.070942     wind_y: 0.109184  
  xiplus: 29.288298       var: 377.403243       oS: 1.793600          d: 0.098988     wind_x: 0.070942     wind_y: 0.109184  
  xiplus: 32.551080       var: 377.403243       oS: 1.559652          d: 0.113836     wind_x: 0.070942     wind_y: 0.109184  
  xiplus: 30.038566       var: 377.403243       oS: 1.559652          d: 0.098988     wind_x: 0.081584     wind_y: 0.109184  
  xiplus: 29.736141       var: 377.403243       oS: 1.559652          d: 0.098988     wind_x: 0.070942     wind_y: 0.125562  
  xiplus: 28.250444       var: 400.047438       oS: 1.653231          d: 0.084139     wind_x: 0.075199     wind_y: 0.115735  
  xiplus: 26.992196       var: 411.369535       oS: 1.700021          d: 0.069291     wind_x: 0.077327     wind_y: 0.119011  
  xiplus: 28.029459       var: 413.633954       oS: 1.709379          d: 0.087109     wind_x: 0.062855     wind_y: 0.119666  
  xiplus: 27.013939       var: 428.126239       oS: 1.769269          d: 0.082358     wind_x: 0.070261     wind_y: 0.100930  
  xiplus: 27.331241       var: 448.415437       oS: 1.525589          d: 0.075706     wind_x: 0.069989     wind_y: 0.114006  
  xiplus: 26.450909       var: 476.820315       oS: 1.745912          d: 0.066393     wind_x: 0.069608     wind_y: 0.115934  
  xiplus: 23.998453       var: 526.528851       oS: 1.839042          d: 0.050096     wind_x: 0.068940     wind_y: 0.119309  
  xiplus: 23.118150       var: 457.215877       oS: 1.857668          d: 0.046836     wind_x: 0.068807     wind_y: 0.119984  
  xiplus: 17.713563       var: 468.816951       oS: 2.006676          d: 0.020760     wind_x: 0.067739     wind_y: 0.125384  
  xiplus: 20.450219       var: 499.668851       oS: 1.826860          d: 0.032175     wind_x: 0.078848     wind_y: 0.111790  
  xiplus: 18.981819       var: 485.388733       oS: 2.131158          d: 0.026166     wind_x: 0.075257     wind_y: 0.116564  
  xiplus: 15.406066       var: 528.582929       oS: 2.032233          d: -0.002962    wind_x: 0.076983     wind_y: 0.135894  
  xiplus: 24.520250       var: 578.811274       oS: 2.163715          d: -0.045622    wind_x: 0.080344     wind_y: 0.153376  
  xiplus: 17.626702       var: 592.224991       oS: 2.234367          d: -0.018797    wind_x: 0.069779     wind_y: 0.124566  
  xiplus: 19.319942       var: 503.344131       oS: 2.253476          d: -0.027158    wind_x: 0.078502     wind_y: 0.126370  
  xiplus: 20.809455       var: 531.674243       oS: 2.436304          d: -0.032971    wind_x: 0.068457     wind_y: 0.139721  
  xiplus: 17.277638       var: 507.670199       oS: 1.979221          d: 0.015889     wind_x: 0.076250     wind_y: 0.118773  
  xiplus: 22.759423       var: 529.729390       oS: 1.899986          d: 0.043581     wind_x: 0.067901     wind_y: 0.122102  
  xiplus: 16.195588       var: 509.940446       oS: 2.165103          d: -0.009474    wind_x: 0.075852     wind_y: 0.125303  
  xiplus: 18.800910       var: 557.505473       oS: 2.035882          d: -0.024000    wind_x: 0.071384     wind_y: 0.135404  
  xiplus: 16.565798       var: 539.476288       oS: 2.059701          d: -0.011458    wind_x: 0.072352     wind_y: 0.130694  
  xiplus: 20.463962       var: 602.340991       oS: 2.181574          d: -0.031481    wind_x: 0.080748     wind_y: 0.128708  
  xiplus: 15.767240       var: 502.197961       oS: 2.050400          d: 0.007700     wind_x: 0.070991     wind_y: 0.126215  
  xiplus: 17.860021       var: 442.922138       oS: 1.880297          d: 0.018675     wind_x: 0.079192     wind_y: 0.130186  
  xiplus: 16.084345       var: 554.899278       oS: 2.145849          d: -0.009429    wind_x: 0.072133     wind_y: 0.125971  
  xiplus: 19.314752       var: 546.368562       oS: 2.202094          d: -0.026138    wind_x: 0.071074     wind_y: 0.138858  
  xiplus: 15.520660       var: 517.344790       oS: 2.034939          d: 0.005382     wind_x: 0.074956     wind_y: 0.123794  
  xiplus: 15.956842       var: 505.709873       oS: 2.111709          d: 0.007945     wind_x: 0.076013     wind_y: 0.124177  
  xiplus: 16.775358       var: 533.553486       oS: 1.984949          d: 0.012928     wind_x: 0.072579     wind_y: 0.129117  
  xiplus: 15.301728       var: 515.843706       oS: 2.120065          d: -0.003873    wind_x: 0.075034     wind_y: 0.126257  
  xiplus: 17.230000       var: 472.972426       oS: 1.993889          d: 0.015106     wind_x: 0.077458     wind_y: 0.128564  
  xiplus: 15.165470       var: 534.417565       oS: 2.107859          d: -0.003295    wind_x: 0.073464     wind_y: 0.126619  
  xiplus: 15.816081       var: 533.644907       oS: 2.026490          d: -0.006765    wind_x: 0.072558     wind_y: 0.131335  
  xiplus: 15.201143       var: 526.661149       oS: 2.047794          d: -0.003087    wind_x: 0.073422     wind_y: 0.129545  
  xiplus: 16.636193       var: 546.942095       oS: 2.086756          d: -0.010834    wind_x: 0.078552     wind_y: 0.130628  
  xiplus: 15.134586       var: 513.383994       oS: 2.059489          d: 0.003066     wind_x: 0.072881     wind_y: 0.127319  
  xiplus: 16.379250       var: 530.210947       oS: 2.112037          d: -0.009442    wind_x: 0.073757     wind_y: 0.134459  
  xiplus: 14.984772       var: 520.561329       oS: 2.054214          d: 0.001676     wind_x: 0.074656     wind_y: 0.126460  
  xiplus: 14.703943       var: 515.764168       oS: 2.123535          d: 0.000757     wind_x: 0.070800     wind_y: 0.118586  
  xiplus: 14.703536       var: 509.354787       oS: 2.169186          d: 0.002616     wind_x: 0.067708     wind_y: 0.109933  
  xiplus: 15.144511       var: 525.907823       oS: 2.055353          d: 0.004264     wind_x: 0.069819     wind_y: 0.121694  
  xiplus: 15.386804       var: 514.789051       oS: 2.130646          d: 0.006418     wind_x: 0.069990     wind_y: 0.115264  
  xiplus: 14.809674       var: 523.693124       oS: 2.068507          d: -0.000711    wind_x: 0.072564     wind_y: 0.125975  
  xiplus: 15.583123       var: 502.742858       oS: 2.054840          d: 0.007660     wind_x: 0.069587     wind_y: 0.117933  
  xiplus: 14.772218       var: 526.498888       oS: 2.094605          d: -0.000557    wind_x: 0.072495     wind_y: 0.124448  
  xiplus: 14.981596       var: 511.489026       oS: 2.123048          d: -0.001827    wind_x: 0.074303     wind_y: 0.123960  
  xiplus: 14.936044       var: 523.254867       oS: 2.144335          d: -0.002588    wind_x: 0.071809     wind_y: 0.116992  
  xiplus: 14.836665       var: 517.154948       oS: 2.185659          d: -0.002902    wind_x: 0.068895     wind_y: 0.114062  
  xiplus: 14.501826       var: 528.493620       oS: 2.141869          d: 0.000171     wind_x: 0.067085     wind_y: 0.112604  
  xiplus: 14.370472       var: 536.995918       oS: 2.151279          d: 0.001170     wind_x: 0.063477     wind_y: 0.106926  
  xiplus: 14.729613       var: 522.224198       oS: 2.123360          d: 0.002434     wind_x: 0.066246     wind_y: 0.115546  
  xiplus: 15.154911       var: 530.351818       oS: 2.057116          d: 0.004883     wind_x: 0.068101     wind_y: 0.119068  
  xiplus: 14.618222       var: 520.454165       oS: 2.153523          d: -0.000956    wind_x: 0.068696     wind_y: 0.115314  
  xiplus: 14.405910       var: 522.518058       oS: 2.208274          d: 0.002594     wind_x: 0.062885     wind_y: 0.102891  
  xiplus: 14.217105       var: 518.119963       oS: 2.227644          d: 0.003699     wind_x: 0.059110     wind_y: 0.095796  
  xiplus: 13.879202       var: 513.930500       oS: 2.294164          d: 0.005827     wind_x: 0.052418     wind_y: 0.081470  
  xiplus: 13.895335       var: 519.077173       oS: 2.267211          d: 0.002066     wind_x: 0.059828     wind_y: 0.091068  
  xiplus: 13.778793       var: 535.835539       oS: 2.260594          d: 0.001664     wind_x: 0.055214     wind_y: 0.089135  
  xiplus: 13.503024       var: 549.075914       oS: 2.306298          d: 0.001189     wind_x: 0.048966     wind_y: 0.078736  
  xiplus: 13.666198       var: 536.184860       oS: 2.337368          d: 0.006094     wind_x: 0.046333     wind_y: 0.069122  
  xiplus: 13.523118       var: 539.587687       oS: 2.334254          d: 0.003945     wind_x: 0.045523     wind_y: 0.068038  
  xiplus: 13.507394       var: 526.146536       oS: 2.464439          d: 0.006479     wind_x: 0.037751     wind_y: 0.048448  
  xiplus: 13.616697       var: 546.893026       oS: 2.427398          d: 0.007347     wind_x: 0.032569     wind_y: 0.047258  
  xiplus: 13.540200       var: 565.224710       oS: 2.453738          d: 0.004194     wind_x: 0.032039     wind_y: 0.043170  
  xiplus: 13.547590       var: 554.586290       oS: 2.457084          d: 0.003167     wind_x: 0.032406     wind_y: 0.045137  
  xiplus: 13.329411       var: 546.955429       oS: 2.378927          d: 0.000242     wind_x: 0.046105     wind_y: 0.066154  
  xiplus: 13.560879       var: 546.986630       oS: 2.354691          d: -0.003310    wind_x: 0.052873     wind_y: 0.075602  
  xiplus: 13.568241       var: 536.209821       oS: 2.317979          d: 0.003252     wind_x: 0.051748     wind_y: 0.076681  
  xiplus: 13.467301       var: 549.992173       oS: 2.422307          d: 0.003189     wind_x: 0.037242     wind_y: 0.053023  
  xiplus: 13.592053       var: 519.478386       oS: 2.308752          d: 0.001823     wind_x: 0.054196     wind_y: 0.082589  
  xiplus: 13.471102       var: 553.788129       oS: 2.417492          d: 0.003601     wind_x: 0.037578     wind_y: 0.053025  
  xiplus: 13.435014       var: 550.795585       oS: 2.461531          d: 0.001935     wind_x: 0.037533     wind_y: 0.051717  
  xiplus: 13.498954       var: 574.096356       oS: 2.330183          d: -0.002417    wind_x: 0.045219     wind_y: 0.072614  
  xiplus: 13.568552       var: 561.175154       oS: 2.497878          d: 0.001432     wind_x: 0.032505     wind_y: 0.039877  
  xiplus: 13.410583       var: 552.100724       oS: 2.354193          d: 0.001249     wind_x: 0.044851     wind_y: 0.069021  
  xiplus: 13.492291       var: 527.356460       oS: 2.483597          d: 0.006503     wind_x: 0.036105     wind_y: 0.044562  
  xiplus: 13.465198       var: 539.041434       oS: 2.445243          d: 0.004273     wind_x: 0.038383     wind_y: 0.051575  
  xiplus: 13.342089       var: 541.766009       oS: 2.407389          d: 0.000754     wind_x: 0.044067     wind_y: 0.063571  
  xiplus: 13.329072       var: 542.271500       oS: 2.396606          d: 0.000193     wind_x: 0.047134     wind_y: 0.067792  
  xiplus: 13.406139       var: 538.411164       oS: 2.383755          d: -0.001304    wind_x: 0.052081     wind_y: 0.075176  
  xiplus: 13.506199       var: 554.514265       oS: 2.354215          d: -0.002524    wind_x: 0.049493     wind_y: 0.075727  
  xiplus: 13.408766       var: 542.909642       oS: 2.422486          d: 0.002574     wind_x: 0.041161     wind_y: 0.057613  
  xiplus: 13.432088       var: 539.605737       oS: 2.322310          d: 0.000070     wind_x: 0.051794     wind_y: 0.077944  
  xiplus: 13.366313       var: 542.403199       oS: 2.357115          d: 0.000536     wind_x: 0.048229     wind_y: 0.071387  
  xiplus: 13.327321       var: 534.421587       oS: 2.430816          d: 0.000471     wind_x: 0.045828     wind_y: 0.061585  
  xiplus: 13.339058       var: 525.582018       oS: 2.469128          d: 0.000081     wind_x: 0.046316     wind_y: 0.057867  
  xiplus: 13.425492       var: 540.217448       oS: 2.365855          d: -0.001695    wind_x: 0.051385     wind_y: 0.074583  
  xiplus: 13.359477       var: 542.236593       oS: 2.408329          d: 0.001507     wind_x: 0.043717     wind_y: 0.061855  
  xiplus: 13.348044       var: 540.657249       oS: 2.451712          d: 0.000731     wind_x: 0.042512     wind_y: 0.056996  
  xiplus: 13.325852       var: 540.192116       oS: 2.417852          d: -0.000550    wind_x: 0.046542     wind_y: 0.064584  
  xiplus: 13.368642       var: 539.169878       oS: 2.422613          d: -0.001579    wind_x: 0.047954     wind_y: 0.065948  
  xiplus: 13.361435       var: 541.585408       oS: 2.360924          d: -0.000286    wind_x: 0.049359     wind_y: 0.072478  
  xiplus: 13.329664       var: 540.889288       oS: 2.429015          d: 0.000476     wind_x: 0.044224     wind_y: 0.060867  
  xiplus: 13.328850       var: 540.125959       oS: 2.413897          d: -0.000421    wind_x: 0.047866     wind_y: 0.064822  
  xiplus: 13.334326       var: 540.697348       oS: 2.386224          d: -0.000502    wind_x: 0.049166     wind_y: 0.069108  
  xiplus: 13.322935       var: 540.841303       oS: 2.418317          d: 0.000232     wind_x: 0.045459     wind_y: 0.062927  
  xiplus: 13.323983       var: 532.185557       oS: 2.452068          d: -0.000273    wind_x: 0.047026     wind_y: 0.062530  
  xiplus: 13.341853       var: 532.835109       oS: 2.456574          d: -0.000410    wind_x: 0.045954     wind_y: 0.058787  
  xiplus: 13.320812       var: 539.912402       oS: 2.411598          d: 0.000042     wind_x: 0.046839     wind_y: 0.065541  
  xiplus: 13.325112       var: 534.895227       oS: 2.438363          d: 0.000390     wind_x: 0.044812     wind_y: 0.062045  
  xiplus: 13.324217       var: 540.789056       oS: 2.424463          d: -0.000534    wind_x: 0.046444     wind_y: 0.065465  
  xiplus: 13.324501       var: 535.257302       oS: 2.440073          d: 0.000493     wind_x: 0.045691     wind_y: 0.062819  
  xiplus: 13.326081       var: 540.699021       oS: 2.420244          d: -0.000406    wind_x: 0.047772     wind_y: 0.065668  
  xiplus: 13.321598       var: 536.346176       oS: 2.433834          d: 0.000191     wind_x: 0.045552     wind_y: 0.062951  
  xiplus: 13.327900       var: 540.772495       oS: 2.416040          d: -0.000630    wind_x: 0.046838     wind_y: 0.064946  
  xiplus: 13.321246       var: 536.636101       oS: 2.434064          d: 0.000212     wind_x: 0.045977     wind_y: 0.063351  
  xiplus: 13.331738       var: 533.579560       oS: 2.435490          d: 0.000696     wind_x: 0.045898     wind_y: 0.061454  
  xiplus: 13.320413       var: 538.986682       oS: 2.427220          d: -0.000227    wind_x: 0.046307     wind_y: 0.064463  
  xiplus: 13.335966       var: 544.903508       oS: 2.397945          d: 0.000453     wind_x: 0.045028     wind_y: 0.065163  
  xiplus: 13.321228       var: 535.365045       oS: 2.438538          d: -0.000091    wind_x: 0.046527     wind_y: 0.063188  
  xiplus: 13.320730       var: 534.057259       oS: 2.439784          d: -0.000181    wind_x: 0.047022     wind_y: 0.064870  
  xiplus: 13.323142       var: 537.636820       oS: 2.426648          d: -0.000288    wind_x: 0.047517     wind_y: 0.065614  
  xiplus: 13.320481       var: 536.668837       oS: 2.432037          d: 0.000071     wind_x: 0.046043     wind_y: 0.063617  
  xiplus: 13.323085       var: 537.359989       oS: 2.425606          d: -0.000366    wind_x: 0.047118     wind_y: 0.065320  
  xiplus: 13.320401       var: 536.817073       oS: 2.431950          d: 0.000068     wind_x: 0.046263     wind_y: 0.063843  
  xiplus: 13.320696       var: 539.211856       oS: 2.418498          d: 0.000001     wind_x: 0.046463     wind_y: 0.065745  
  xiplus: 13.319469       var: 534.384280       oS: 2.448198          d: -0.000150    wind_x: 0.046000     wind_y: 0.063475  
  xiplus: 13.319781       var: 531.620219       oS: 2.466497          d: -0.000246    wind_x: 0.045580     wind_y: 0.062442  
  xiplus: 13.321035       var: 540.370232       oS: 2.423377          d: 0.000086     wind_x: 0.045409     wind_y: 0.063587  
  xiplus: 13.319882       var: 535.635502       oS: 2.435682          d: -0.000114    wind_x: 0.046619     wind_y: 0.064549  
  xiplus: 13.320710       var: 533.785093       oS: 2.451537          d: -0.000141    wind_x: 0.046030     wind_y: 0.062233  
  xiplus: 13.319485       var: 537.855165       oS: 2.426758          d: -0.000035    wind_x: 0.046355     wind_y: 0.064867  
  xiplus: 13.319931       var: 536.802644       oS: 2.435886          d: -0.000254    wind_x: 0.046574     wind_y: 0.064862  
  xiplus: 13.319260       var: 533.611184       oS: 2.444169          d: 0.000033     wind_x: 0.046416     wind_y: 0.064176  
  xiplus: 13.319596       var: 530.923435       oS: 2.452644          d: 0.000163     wind_x: 0.046471     wind_y: 0.064033  
  xiplus: 13.319445       var: 534.498437       oS: 2.444327          d: -0.000275    wind_x: 0.046523     wind_y: 0.064929  
  xiplus: 13.319311       var: 533.591184       oS: 2.443768          d: 0.000038     wind_x: 0.046191     wind_y: 0.063936  
  xiplus: 13.318531       var: 533.940598       oS: 2.447206          d: -0.000042    wind_x: 0.045975     wind_y: 0.064004  
  xiplus: 13.318361       var: 533.093146       oS: 2.452967          d: -0.000005    wind_x: 0.045654     wind_y: 0.063731  
  xiplus: 13.318400       var: 529.816127       oS: 2.466614          d: -0.000109    wind_x: 0.045959     wind_y: 0.063231  
  xiplus: 13.317991       var: 531.459751       oS: 2.452541          d: 0.000022     wind_x: 0.046297     wind_y: 0.064527  
  xiplus: 13.317917       var: 529.997487       oS: 2.454713          d: 0.000107     wind_x: 0.046446     wind_y: 0.065053  
  xiplus: 13.320396       var: 529.545213       oS: 2.460565          d: 0.000301     wind_x: 0.045744     wind_y: 0.063122  
  xiplus: 13.318486       var: 533.260131       oS: 2.448387          d: -0.000131    wind_x: 0.046328     wind_y: 0.064477  
  xiplus: 13.317219       var: 530.320047       oS: 2.462972          d: -0.000080    wind_x: 0.046130     wind_y: 0.064331  
  xiplus: 13.316546       var: 528.684478       oS: 2.472574          d: -0.000139    wind_x: 0.046100     wind_y: 0.064528  
  xiplus: 13.316913       var: 528.329364       oS: 2.473932          d: -0.000144    wind_x: 0.045779     wind_y: 0.064232  
  xiplus: 13.316520       var: 526.708109       oS: 2.479933          d: 0.000015     wind_x: 0.045647     wind_y: 0.063833  
  xiplus: 13.316330       var: 523.432098       oS: 2.495707          d: 0.000089     wind_x: 0.045306     wind_y: 0.063511  
  xiplus: 13.319142       var: 527.598502       oS: 2.473343          d: 0.000072     wind_x: 0.045755     wind_y: 0.065191  
  xiplus: 13.317408       var: 529.261721       oS: 2.468296          d: -0.000064    wind_x: 0.045908     wind_y: 0.063721  
  xiplus: 13.315156       var: 522.788913       oS: 2.493122          d: -0.000055    wind_x: 0.046162     wind_y: 0.064687  
  xiplus: 13.314030       var: 517.636797       oS: 2.513199          d: -0.000079    wind_x: 0.046416     wind_y: 0.065165  
  xiplus: 13.315425       var: 520.940296       oS: 2.514771          d: -0.000242    wind_x: 0.045357     wind_y: 0.063410  
  xiplus: 13.314849       var: 518.347492       oS: 2.519777          d: -0.000142    wind_x: 0.045675     wind_y: 0.064618  
  xiplus: 13.313097       var: 515.287101       oS: 2.532478          d: -0.000062    wind_x: 0.045763     wind_y: 0.064261  
  xiplus: 13.311519       var: 508.765969       oS: 2.561751          d: -0.000021    wind_x: 0.045756     wind_y: 0.064276  
  xiplus: 13.312306       var: 506.964583       oS: 2.569508          d: -0.000019    wind_x: 0.045304     wind_y: 0.063864  
  xiplus: 13.312111       var: 505.629957       oS: 2.575895          d: -0.000290    wind_x: 0.046097     wind_y: 0.065022  
  xiplus: 13.311954       var: 501.997623       oS: 2.581281          d: 0.000021     wind_x: 0.046342     wind_y: 0.065767  
  xiplus: 13.309690       var: 498.050479       oS: 2.600877          d: -0.000013    wind_x: 0.046291     wind_y: 0.065020  
  xiplus: 13.308455       var: 487.901972       oS: 2.641427          d: 0.000052     wind_x: 0.046598     wind_y: 0.065221  
  xiplus: 13.308416       var: 486.867245       oS: 2.658746          d: -0.000024    wind_x: 0.045623     wind_y: 0.064495  
  xiplus: 13.307717       var: 471.482469       oS: 2.731520          d: 0.000004     wind_x: 0.045227     wind_y: 0.064160  
  xiplus: 13.307922       var: 483.346613       oS: 2.667242          d: -0.000074    wind_x: 0.046704     wind_y: 0.065915  
  xiplus: 13.308504       var: 475.767902       oS: 2.697393          d: 0.000284     wind_x: 0.046154     wind_y: 0.065114  
  xiplus: 13.305519       var: 468.908347       oS: 2.738452          d: 0.000077     wind_x: 0.045834     wind_y: 0.064107  
