  xiplus: 5.255442        var: 176.363144       oS: 2.872473          d: 0.000072     wind_x: 0.018104     wind_y: 0.037296  
  xiplus: 5.256616        var: 202.817616       oS: 2.872473          d: 0.000072     wind_x: 0.018104     wind_y: 0.037296  
  xiplus: 5.250372        var: 176.363144       oS: 3.303344          d: 0.000072     wind_x: 0.018104     wind_y: 0.037296  
  xiplus: 5.255463        var: 176.363144       oS: 2.872473          d: 0.000083     wind_x: 0.018104     wind_y: 0.037296  
  xiplus: 5.292056        var: 176.363144       oS: 2.872473          d: 0.000072     wind_x: 0.020820     wind_y: 0.037296  
  xiplus: 5.313726        var: 176.363144       oS: 2.872473          d: 0.000072     wind_x: 0.018104     wind_y: 0.042890  
  xiplus: 5.282749        var: 186.944933       oS: 3.044821          d: 0.000076     wind_x: 0.019190     wind_y: 0.031702  
  xiplus: 5.265261        var: 191.177648       oS: 3.113761          d: 0.000078     wind_x: 0.015823     wind_y: 0.035058  
  xiplus: 5.326442        var: 182.288946       oS: 2.968988          d: 0.000074     wind_x: 0.016105     wind_y: 0.041995  
  xiplus: 5.272259        var: 185.780936       oS: 3.025863          d: 0.000076     wind_x: 0.018419     wind_y: 0.034275  
  xiplus: 5.286312        var: 183.452942       oS: 2.987946          d: 0.000075     wind_x: 0.016877     wind_y: 0.039422  
  xiplus: 5.257422        var: 185.198938       oS: 3.016384          d: 0.000076     wind_x: 0.018033     wind_y: 0.035562  
  xiplus: 5.273890        var: 175.664746       oS: 2.861098          d: 0.000072     wind_x: 0.020357     wind_y: 0.038840  
  xiplus: 5.255842        var: 187.299423       oS: 3.050595          d: 0.000076     wind_x: 0.016956     wind_y: 0.036004  
  xiplus: 5.262419        var: 182.483651       oS: 2.972159          d: 0.000074     wind_x: 0.017716     wind_y: 0.038513  
  xiplus: 5.253876        var: 184.520116       oS: 3.005328          d: 0.000075     wind_x: 0.017954     wind_y: 0.036300  
  xiplus: 5.255575        var: 157.545973       oS: 3.169212          d: 0.000079     wind_x: 0.017585     wind_y: 0.036381  
  xiplus: 5.257100        var: 161.162786       oS: 3.038537          d: 0.000076     wind_x: 0.018984     wind_y: 0.037824  
  xiplus: 5.253734        var: 180.765263       oS: 3.047581          d: 0.000076     wind_x: 0.017463     wind_y: 0.036459  
  xiplus: 5.256593        var: 200.203952       oS: 2.871267          d: 0.000072     wind_x: 0.018307     wind_y: 0.037478  
  xiplus: 5.253561        var: 168.210467       oS: 3.094726          d: 0.000078     wind_x: 0.017765     wind_y: 0.036655  
  xiplus: 5.250890        var: 178.125710       oS: 3.256907          d: 0.000067     wind_x: 0.017652     wind_y: 0.036306  
  xiplus: 5.249878        var: 178.830736       oS: 3.410681          d: 0.000075     wind_x: 0.017472     wind_y: 0.035910  
  xiplus: 5.249072        var: 180.064532       oS: 3.679785          d: 0.000077     wind_x: 0.017155     wind_y: 0.035217  
  xiplus: 5.250964        var: 168.891531       oS: 3.547609          d: 0.000072     wind_x: 0.017302     wind_y: 0.036473  
  xiplus: 5.248390        var: 167.896890       oS: 3.705368          d: 0.000070     wind_x: 0.017728     wind_y: 0.036320  
  xiplus: 5.248121        var: 161.462704       oS: 4.034262          d: 0.000066     wind_x: 0.017861     wind_y: 0.036251  
  xiplus: 5.245568        var: 177.752581       oS: 4.034037          d: 0.000064     wind_x: 0.017464     wind_y: 0.035963  
  xiplus: 5.243487        var: 182.523638       oS: 4.503693          d: 0.000057     wind_x: 0.017314     wind_y: 0.035617  
  xiplus: 5.247071        var: 182.524360       oS: 3.963587          d: 0.000063     wind_x: 0.017932     wind_y: 0.035801  
  xiplus: 5.244198        var: 175.049641       oS: 4.536961          d: 0.000068     wind_x: 0.017694     wind_y: 0.035767  
  xiplus: 5.247869        var: 176.286806       oS: 4.983972          d: 0.000060     wind_x: 0.017079     wind_y: 0.034165  
  xiplus: 5.244248        var: 171.074327       oS: 5.129205          d: 0.000049     wind_x: 0.017997     wind_y: 0.035823  
  xiplus: 5.243996        var: 193.520805       oS: 5.212705          d: 0.000053     wind_x: 0.017346     wind_y: 0.034618  
  xiplus: 5.243467        var: 185.590303       oS: 4.354489          d: 0.000056     wind_x: 0.018235     wind_y: 0.036885  
  xiplus: 5.247013        var: 190.242051       oS: 4.039748          d: 0.000053     wind_x: 0.018812     wind_y: 0.038245  
  xiplus: 5.240586        var: 180.579126       oS: 5.531234          d: 0.000050     wind_x: 0.017502     wind_y: 0.035683  
  xiplus: 5.239612        var: 179.606508       oS: 6.315058          d: 0.000043     wind_x: 0.017286     wind_y: 0.035623  
  xiplus: 5.242091        var: 195.442031       oS: 4.839958          d: 0.000061     wind_x: 0.017153     wind_y: 0.035581  
  xiplus: 5.239905        var: 199.623672       oS: 5.553400          d: 0.000040     wind_x: 0.017239     wind_y: 0.035563  
  xiplus: 5.242723        var: 183.593655       oS: 5.013934          d: 0.000050     wind_x: 0.017545     wind_y: 0.037089  
  xiplus: 5.238777        var: 195.018830       oS: 5.927042          d: 0.000043     wind_x: 0.017669     wind_y: 0.036680  
  xiplus: 5.238588        var: 201.266426       oS: 6.638717          d: 0.000036     wind_x: 0.017847     wind_y: 0.037212  
  xiplus: 5.241155        var: 198.222615       oS: 6.989937          d: 0.000037     wind_x: 0.016594     wind_y: 0.035542  
  xiplus: 5.239033        var: 206.070845       oS: 7.120894          d: 0.000036     wind_x: 0.016903     wind_y: 0.034719  
  xiplus: 5.236678        var: 198.473996       oS: 8.207245          d: 0.000016     wind_x: 0.017195     wind_y: 0.035883  
  xiplus: 5.235871        var: 199.989979       oS: 9.890888          d: -0.000007    wind_x: 0.017215     wind_y: 0.036034  
  xiplus: 5.237728        var: 196.400358       oS: 7.217645          d: 0.000023     wind_x: 0.018002     wind_y: 0.036118  
  xiplus: 5.235280        var: 193.709975       oS: 9.319881          d: 0.000012     wind_x: 0.017663     wind_y: 0.036320  
  xiplus: 5.234776        var: 190.753126       oS: 11.203121         d: -0.000002    wind_x: 0.017874     wind_y: 0.036698  
  xiplus: 5.235874        var: 218.185786       oS: 10.513448         d: -0.000009    wind_x: 0.017850     wind_y: 0.036689  
  xiplus: 5.237594        var: 196.567424       oS: 11.064634         d: -0.000020    wind_x: 0.018613     wind_y: 0.038381  
  xiplus: 5.234459        var: 199.492243       oS: 13.317178         d: -0.000042    wind_x: 0.017975     wind_y: 0.036357  
  xiplus: 5.235640        var: 198.605151       oS: 16.656409         d: -0.000081    wind_x: 0.018039     wind_y: 0.035929  
  xiplus: 5.236545        var: 205.595065       oS: 15.178062         d: -0.000055    wind_x: 0.017809     wind_y: 0.037545  
  xiplus: 5.235886        var: 209.039055       oS: 12.976445         d: -0.000026    wind_x: 0.016876     wind_y: 0.034948  
  xiplus: 5.238797        var: 201.389010       oS: 7.982370          d: 0.000021     wind_x: 0.017308     wind_y: 0.034745  
  xiplus: 5.234790        var: 204.543551       oS: 13.379139         d: -0.000036    wind_x: 0.017683     wind_y: 0.036845  
  xiplus: 5.237019        var: 196.146819       oS: 10.345065         d: -0.000013    wind_x: 0.018563     wind_y: 0.038101  
  xiplus: 5.234638        var: 205.815996       oS: 12.318600         d: -0.000022    wind_x: 0.017298     wind_y: 0.035736  
  xiplus: 5.235880        var: 182.052172       oS: 13.530122         d: -0.000035    wind_x: 0.017368     wind_y: 0.035979  
  xiplus: 5.234780        var: 209.152382       oS: 11.267617         d: -0.000015    wind_x: 0.017730     wind_y: 0.036511  
  xiplus: 5.234590        var: 203.912940       oS: 14.703374         d: -0.000040    wind_x: 0.018209     wind_y: 0.036825  
  xiplus: 5.235446        var: 199.107123       oS: 11.744817         d: -0.000013    wind_x: 0.017951     wind_y: 0.036006  
  xiplus: 5.234275        var: 203.184444       oS: 12.970559         d: -0.000030    wind_x: 0.017750     wind_y: 0.036635  
  xiplus: 5.234304        var: 192.111117       oS: 14.537516         d: -0.000039    wind_x: 0.017913     wind_y: 0.036389  
  xiplus: 5.234200        var: 211.053570       oS: 15.935770         d: -0.000067    wind_x: 0.017784     wind_y: 0.036079  
  xiplus: 5.235109        var: 221.203793       oS: 18.302094         d: -0.000100    wind_x: 0.017738     wind_y: 0.035769  
  xiplus: 5.235629        var: 198.085730       oS: 16.267158         d: -0.000065    wind_x: 0.018554     wind_y: 0.037178  
  xiplus: 5.234079        var: 203.883429       oS: 13.305740         d: -0.000033    wind_x: 0.017612     wind_y: 0.036097  
  xiplus: 5.234334        var: 199.976982       oS: 13.323331         d: -0.000045    wind_x: 0.017405     wind_y: 0.035797  
  xiplus: 5.234107        var: 204.591574       oS: 14.711988         d: -0.000044    wind_x: 0.017410     wind_y: 0.036042  
  xiplus: 5.234055        var: 205.952673       oS: 15.261298         d: -0.000041    wind_x: 0.017983     wind_y: 0.036699  
  xiplus: 5.234770        var: 208.940518       oS: 16.230282         d: -0.000039    wind_x: 0.018272     wind_y: 0.037150  
  xiplus: 5.234847        var: 219.355159       oS: 14.336625         d: -0.000047    wind_x: 0.017503     wind_y: 0.036232  
  xiplus: 5.233934        var: 198.922128       oS: 14.487293         d: -0.000041    wind_x: 0.017810     wind_y: 0.036350  
  xiplus: 5.234074        var: 206.576905       oS: 16.510277         d: -0.000060    wind_x: 0.017690     wind_y: 0.035871  
  xiplus: 5.234096        var: 196.917113       oS: 13.774869         d: -0.000020    wind_x: 0.017618     wind_y: 0.036345  
  xiplus: 5.234401        var: 200.309325       oS: 14.623803         d: -0.000034    wind_x: 0.018075     wind_y: 0.036503  
  xiplus: 5.233889        var: 203.521012       oS: 14.689942         d: -0.000042    wind_x: 0.017577     wind_y: 0.036157  
  xiplus: 5.234310        var: 210.625345       oS: 15.926951         d: -0.000067    wind_x: 0.017850     wind_y: 0.036125  
  xiplus: 5.233894        var: 200.344171       oS: 14.312889         d: -0.000032    wind_x: 0.017676     wind_y: 0.036290  
  xiplus: 5.233739        var: 202.243326       oS: 16.798940         d: -0.000053    wind_x: 0.017882     wind_y: 0.036450  
  xiplus: 5.233789        var: 201.423275       oS: 18.545540         d: -0.000063    wind_x: 0.018017     wind_y: 0.036627  
  xiplus: 5.234294        var: 197.816419       oS: 13.709868         d: -0.000023    wind_x: 0.017882     wind_y: 0.036907  
  xiplus: 5.233847        var: 204.386784       oS: 15.810175         d: -0.000051    wind_x: 0.017738     wind_y: 0.036130  
  xiplus: 5.234077        var: 197.814296       oS: 15.178398         d: -0.000047    wind_x: 0.017490     wind_y: 0.035852  
  xiplus: 5.233860        var: 203.918078       oS: 15.240573         d: -0.000042    wind_x: 0.017860     wind_y: 0.036487  
  xiplus: 5.233737        var: 206.843221       oS: 16.253714         d: -0.000047    wind_x: 0.017683     wind_y: 0.036256  
  xiplus: 5.233799        var: 210.803768       oS: 17.136924         d: -0.000049    wind_x: 0.017619     wind_y: 0.036210  
  xiplus: 5.233809        var: 208.020797       oS: 17.204448         d: -0.000062    wind_x: 0.017819     wind_y: 0.036303  
  xiplus: 5.234032        var: 206.643871       oS: 17.833198         d: -0.000060    wind_x: 0.018016     wind_y: 0.036494  
  xiplus: 5.233773        var: 204.301727       oS: 15.475756         d: -0.000046    wind_x: 0.017686     wind_y: 0.036241  
  xiplus: 5.233708        var: 206.400264       oS: 17.376640         d: -0.000061    wind_x: 0.017663     wind_y: 0.036065  
