RSS            K Variance     Outer Scale    Diameter       Wind X         Wind Y         
470.9190561    154.8637295    1.0            0.1            0.05           0.05           
835.1587968    178.093289     1.0            0.1            0.05           0.05           
514.911184     154.8637295    1.15           0.1            0.05           0.05           
574.8686231    154.8637295    1.0            0.115          0.05           0.05           
481.6098304    154.8637295    1.0            0.1            0.0575         0.05           
491.0842941    154.8637295    1.0            0.1            0.05           0.0575         
288.4117924    131.6341701    1.06           0.106          0.053          0.053          
201.5350499    108.4046107    1.09           0.109          0.0545         0.0545         
284.0784453    136.280082     1.096          0.0886         0.0548         0.0548         
253.326708     128.846623     0.9244         0.09904        0.05672        0.05672        
211.7514069    118.4397804    1.04416        0.098656       0.059408       0.048908       
217.3025279    103.8702007    1.061824       0.0981184      0.0526712      0.0559712      
312.3255244    83.4727891     1.0865536      0.0973658      0.0612397      0.0583597      
220.5707438    101.3205242    1.0649152      0.0980243      0.0584298      0.0562698      
258.128229     88.0726136     0.9781197      0.1125355      0.0578916      0.0541476      
214.8801568    100.1244807    1.0075898      0.1065516      0.0571187      0.0543107      
280.2128881    84.0172157     1.1829956      0.1051001      0.0561311      0.0512639      
216.6264699    117.6392712    0.9890489      0.100555       0.0565728      0.055356       
215.9683331    118.0708132    1.0121339      0.1071281      0.0536785      0.0513486      
228.8920231    121.2013817    0.995349       0.1106379      0.05984        0.0497981      
207.3714453    108.2029959    1.0452053      0.1012483      0.0544634      0.0544279      
200.2715793    103.6578012    1.0905867      0.1084786      0.0550947      0.0500421      
206.7465984    96.6670662     1.1413555      0.1124403      0.0543556      0.0473852      
220.9860456    97.4610544     1.0988828      0.1024457      0.0585554      0.0535269      
205.3918512    112.9183735    1.0338211      0.1059575      0.0548977      0.0518932      
222.1333056    120.524944     1.1139194      0.1027845      0.0542268      0.0495978      
204.8193921    105.2245965    1.0341722      0.1056098      0.0563957      0.0531325      
212.3790917    96.9235708     1.0733541      0.1134617      0.0507326      0.0566903      
204.8119336    113.060728     1.0514585      0.1023574      0.0572392      0.0508536      
198.7345429    109.103448     1.0748101      0.1113131      0.0567875      0.0497406      
198.7989521    109.553674     1.0896126      0.1163454      0.0579496      0.0473969      
200.4923421    102.8621002    1.1025899      0.1087461      0.0571091      0.0514143      
199.177645     109.6108787    1.1296059      0.1103482      0.0558964      0.0494878      
197.237478     100.3948076    1.1435785      0.1167969      0.0545159      0.0512204      
202.7033792    94.0618474     1.1896385      0.1240167      0.0531543      0.0514038      
195.484854     101.8470036    1.1264684      0.1132731      0.0572615      0.0462621      
196.3698833    98.5682        1.1447027      0.1154097      0.0586422      0.0421431      
195.5889633    106.9834754    1.12343        0.1153379      0.0547133      0.0472868      
197.2351207    107.5180441    1.1485705      0.1183491      0.0565752      0.047557       
194.4034103    100.7278327    1.1171371      0.1196798      0.0560449      0.047339       
197.9080205    96.2863097     1.1109027      0.1243457      0.0561192      0.0462645      
194.8810792    97.8850174     1.1888637      0.1220617      0.0548568      0.0461255      
192.1977095    105.5897417    1.1382094      0.1186837      0.0572648      0.0426078      
193.5229034    108.1872088    1.1355248      0.1196271      0.0586392      0.0383014      
198.8994071    97.6951842     1.1290729      0.1172654      0.0554813      0.0442915      
193.9026856    105.0623291    1.1436961      0.1180782      0.0563017      0.0467406      
195.0976229    97.4612944     1.1623199      0.1213727      0.0579786      0.0443431      
191.9610903    100.8434825    1.1736221      0.1266774      0.0557173      0.0446003      
193.0530166    100.341722     1.1971989      0.1333795      0.0549452      0.0437694      
196.1188366    106.5820669    1.1422914      0.1206996      0.0540956      0.0466221      
192.922818     99.7414876     1.1573128      0.1212045      0.0570078      0.0449128      
194.2940155    106.9009321    1.1031273      0.1196677      0.0580778      0.0443547      
194.589322     106.5273565    1.1692499      0.1220447      0.0577028      0.0419475      
192.75646      102.1777137    1.1301653      0.1202711      0.0564594      0.0459911      
193.8360853    98.4649697     1.194075       0.1222982      0.0550226      0.0455863      
192.8247669    97.664629      1.1736577      0.1255757      0.056287       0.0427387      
191.4787468    103.941852     1.1151119      0.1226668      0.0580719      0.0427539      
192.9712326    106.6802932    1.0756304      0.122851       0.0595965      0.0413378      
192.346663     104.34548      1.1349938      0.1243454      0.0565123      0.0425639      
197.9779605    109.094679     1.1031833      0.119482       0.0573232      0.044668       
191.3753141    100.5221415    1.1560391      0.1240523      0.0565461      0.0432211      
191.80674      103.9193654    1.1570252      0.1262992      0.0571855      0.0403077      
190.9911073    101.5811533    1.1610093      0.1230063      0.0574019      0.0428324      
191.3155211    100.1989899    1.1740171      0.1223368      0.0578467      0.0429667      
191.4818862    98.7334562     1.1669136      0.130397       0.0567043      0.0428784      
189.9155441    102.6357048    1.1288176      0.1238913      0.0586466      0.0401971      
188.9156334    103.531816     1.1064154      0.1224982      0.0601113      0.0379955      
192.4811486    99.4048021     1.1251706      0.1227491      0.0583487      0.0435649      
190.8175623    102.7907246    1.1490615      0.1254116      0.0574763      0.041122       
190.952801     106.2136187    1.1081412      0.1166571      0.0591387      0.0402916      
189.5302446    101.9139296    1.1571547      0.1219835      0.0581978      0.0394311      
189.701735     105.8903554    1.1166737      0.1197704      0.0603843      0.037448       
189.1824772    106.5550244    1.0939693      0.119522       0.0607214      0.0356829      
188.5810943    102.0591213    1.1411686      0.1270172      0.0596178      0.0363802      
188.3899626    99.9818725     1.1576823      0.1321973      0.0598573      0.0344245      
186.5799172    104.3584746    1.1036966      0.1209769      0.0622326      0.0328708      
184.4430036    105.1423495    1.0810142      0.1187595      0.0646107      0.0287452      
186.8858773    100.9596414    1.1218206      0.1262138      0.0610151      0.0330637      
185.3575691    104.554352     1.067206       0.1256928      0.0643285      0.0285336      
186.0148787    99.1129881     1.1196861      0.1306227      0.0632477      0.0294222      
183.6871191    100.3686655    1.1125483      0.1308962      0.0651125      0.0236802      
182.3567816    98.7870902     1.1156147      0.1350952      0.0676131      0.0165225      
180.4478217    103.440696     1.0444543      0.1223563      0.0684687      0.0200904      
176.7888226    105.1701077    0.9878404      0.1174358      0.0727744      0.0129234      
177.761927     104.1471136    1.026724       0.1248286      0.0720147      0.0133951      
176.2574844    108.0074171    0.9916737      0.1181021      0.0732888      0.0106257      
172.4543899    112.4546315    0.9276675      0.1118419      0.0783094      0.0012275      
170.8969979    105.7261651    0.9883383      0.1174916      0.0778004      0.0005918      
164.384185     106.3120716    0.9489044      0.113391       0.0845363      -0.0133791     
165.4700066    105.6060563    0.9216862      0.1222775      0.0854885      -0.0164695     
162.3699829    114.6889021    0.8095142      0.1008147      0.0896363      -0.0174436     
171.571889     122.639808     0.656464       0.0836745      0.1006478      -0.0344266     
158.6277884    113.5455941    0.8115211      0.1014758      0.0922833      -0.0266516     
159.5369854    118.2448344    0.7039197      0.0897993      0.1024176      -0.046675      
155.8466772    115.8727946    0.779877       0.1024845      0.099327       -0.0420099     
166.0751301    121.224138     0.6758953      0.0950088      0.1126033      -0.0694766     
154.0716697    109.955536     0.7809337      0.1043355      0.1021991      -0.047609      
159.2609464    108.7059882    0.7075669      0.1005823      0.114144       -0.0720272     
158.2993083    118.543903     0.730614       0.086723       0.1017043      -0.0423678     
170.1935101    122.7306203    0.6160796      0.0849424      0.1095237      -0.0570536     
158.7407714    110.4167088    0.8656982      0.1062788      0.0907832      -0.0242978     
153.7471491    112.6449125    0.7779434      0.0997043      0.1048825      -0.0557309     
158.4606352    111.6229177    0.7621579      0.0991491      0.1125057      -0.0748745     
159.1753013    117.8083873    0.6866575      0.0916104      0.1093754      -0.0614499     
155.704022     112.2646284    0.820938       0.1026117      0.0954312      -0.0335858     
154.6058126    114.1671157    0.7446013      0.0968679      0.1091344      -0.0618697     
156.9473878    107.4180918    0.8311034      0.1156785      0.1026854      -0.0539544     
154.5823501    110.1995446    0.805981       0.1084396      0.1024401      -0.0510577     
154.6800448    107.8199003    0.792282       0.1022991      0.1063079      -0.0579313     
158.4439217    109.6501752    0.7397586      0.1020469      0.1145544      -0.0760936     
153.7491568    111.6110151    0.8006432      0.1024705      0.100212       -0.0442128     
155.4036033    115.6113493    0.771759       0.102428       0.1012394      -0.0462607     
153.6674141    109.7677625    0.7871513      0.1023313      0.1050408      -0.0550137     
156.380648     107.5043926    0.8364597      0.1100446      0.0967754      -0.0395799     
153.5147922    112.5014349    0.7675659      0.1001621      0.1060447      -0.0562973     
154.3573784    112.3927198    0.7597139      0.0951618      0.1049115      -0.0524877     
153.605494     111.844426     0.7712807      0.0984813      0.1042937      -0.0521302     
153.4973563    113.3922845    0.7809         0.0969243      0.1059903      -0.0577449     
154.5692558    115.1106587    0.7808832      0.0932187      0.1078859      -0.0628128     
155.5712947    112.449313     0.7532934      0.0965708      0.1102888      -0.066554      
153.3076349    111.8205896    0.7888057      0.1009956      0.1027312      -0.0497981     
153.1293124    111.0856865    0.7803381      0.0998535      0.1047577      -0.0526628     
153.1985588    110.3060735    0.7815354      0.0999281      0.1046954      -0.0511287     
153.3179112    114.490006     0.7684049      0.0962354      0.1044863      -0.0524396     
153.3219709    113.4715746    0.7831252      0.0991871      0.1053104      -0.0554468     
152.8093988    113.2026216    0.7930636      0.0971163      0.1032657      -0.0509396     
152.6606936    113.5532149    0.8058125      0.0955934      0.1018762      -0.0482608     
153.1411961    112.3761442    0.7896945      0.0998217      0.1016744      -0.0456983     
153.9923751    111.8586819    0.7900971      0.0978128      0.1008999      -0.044097      
152.9723101    113.0683514    0.7848682      0.0988435      0.1042078      -0.0526094     
153.2722967    110.2715886    0.8114027      0.1018077      0.1016127      -0.0471721     
152.4602119    112.3214046    0.8000407      0.0973723      0.1029204      -0.0487633     
152.0845894    112.5718122    0.8056581      0.0955607      0.1030149      -0.0482459     
152.781395     114.7904951    0.7751459      0.0940614      0.1045998      -0.0518188     
152.521137     113.6516798    0.7910346      0.0937433      0.1057082      -0.0557407     
152.1718054    115.9685349    0.8046696      0.0912674      0.103005       -0.0500075     
151.9133824    115.1459433    0.8080602      0.089247       0.1030738      -0.0490201     
151.9313376    116.1847392    0.8196562      0.0844488      0.1025069      -0.0472254     
151.6435225    113.5659789    0.8309481      0.0921033      0.1020715      -0.0486912     
151.3953827    112.9537209    0.8588493      0.0911243      0.1008074      -0.0471275     
150.9933221    114.5634615    0.8214962      0.0887837      0.1043675      -0.0517958     
150.2875571    115.0685848    0.8293381      0.0853788      0.1056131      -0.0535634     
151.0659745    115.0317586    0.8515955      0.0872879      0.1004976      -0.043445      
151.3196625    112.340193     0.8567308      0.0881721      0.1021977      -0.0465533     
149.9346504    115.6442681    0.8761714      0.0809234      0.1018609      -0.0476377     
149.2303934    117.1804961    0.911428       0.0736047      0.101284       -0.0473337     
149.3814144    113.8839581    0.9151165      0.0809801      0.1010861      -0.046189      
149.0835785    116.4482754    0.8868343      0.0750452      0.103464       -0.0477063     
149.0281723    118.1955526    0.9008268      0.0670056      0.1047923      -0.0479957     
147.7280185    119.403947     0.9065911      0.0695308      0.1031115      -0.0488574     
146.6917467    122.935824     0.9315213      0.0602102      0.1035683      -0.0500095     
xi +           K Variance     Outer Scale    Diameter       Wind X         Wind Y         
12.5331798     122.935824     0.9315213      0.0602102      0.1035683      -0.0500095     
12.7034969     122.935824     0.9315213      0.0652102      0.1035683      -0.0500095     
12.9893646     122.935824     0.9315213      0.0602102      0.1085683      -0.0500095     
12.2568919     122.935824     0.9315213      0.0602102      0.1035683      -0.0550095     
36.7067897     122.935824     0.9315213      0.01           -0.8088014     -0.6025852     
36.4790144     122.935824     0.9315213      0.015          -0.8088014     -0.6025852     
36.7562397     122.935824     0.9315213      0.01           -0.8138014     -0.6025852     
36.4924574     122.935824     0.9315213      0.01           -0.8088014     -0.6075852     
21.1856495     122.935824     0.9315213      0.0488993      -0.1019623     -0.1744889     
21.1215146     122.935824     0.9315213      0.0538993      -0.1019623     -0.1744889     
21.8091598     122.935824     0.9315213      0.0488993      -0.1069623     -0.1744889     
21.433857      122.935824     0.9315213      0.0488993      -0.1019623     -0.1794889     
8.5387209      122.935824     0.9315213      0.0565833      0.0376656      -0.0899234     
8.8747409      122.935824     0.9315213      0.0615833      0.0376656      -0.0899234     
8.4865003      122.935824     0.9315213      0.0565833      0.0426656      -0.0899234     
8.4872131      122.935824     0.9315213      0.0565833      0.0376656      -0.0949234     
8.2243105      122.935824     0.9315213      0.0141114      0.0305997      -0.1045087     
7.9859194      122.935824     0.9315213      0.0191114      0.0305997      -0.1045087     
7.9749506      122.935824     0.9315213      0.0141114      0.0355997      -0.1045087     
8.2689567      122.935824     0.9315213      0.0141114      0.0305997      -0.1095087     
7.1621063      122.935824     0.9315213      0.0273445      0.0509323      -0.0948529     
7.1866705      122.935824     0.9315213      0.0323445      0.0509323      -0.0948529     
7.1476402      122.935824     0.9315213      0.0273445      0.0559323      -0.0948529     
7.0995848      122.935824     0.9315213      0.0273445      0.0509323      -0.0998529     
7.0987478      122.935824     0.9315213      0.0254019      0.0525066      -0.0994586     
7.0946465      122.935824     0.9315213      0.0304019      0.0525066      -0.0994586     
7.0804743      122.935824     0.9315213      0.0254019      0.0575066      -0.0994586     
7.0480594      122.935824     0.9315213      0.0254019      0.0525066      -0.1044586     
6.9513582      122.935824     0.9315213      0.0235924      0.0594226      -0.1187874     
6.9414472      122.935824     0.9315213      0.0285924      0.0594226      -0.1187874     
6.9454454      122.935824     0.9315213      0.0235924      0.0644226      -0.1187874     
6.9911154      122.935824     0.9315213      0.0235924      0.0594226      -0.1237874     
6.95938        122.935824     0.9315213      0.024503       0.0577767      -0.1108283     
6.956402       122.935824     0.9315213      0.029503       0.0577767      -0.1108283     
6.9621443      122.935824     0.9315213      0.024503       0.0627767      -0.1108283     
6.9504444      122.935824     0.9315213      0.024503       0.0577767      -0.1158283     
6.9461963      122.935824     0.9315213      0.023857       0.0589442      -0.1164741     
6.9382331      122.935824     0.9315213      0.028857       0.0589442      -0.1164741     
6.9427666      122.935824     0.9315213      0.023857       0.0639442      -0.1164741     
6.9711948      122.935824     0.9315213      0.023857       0.0589442      -0.1214741     
xi +           K Variance     Outer Scale    Diameter       Wind X         Wind Y         
6.9461963      122.935824     0.9315213      0.023857       0.0589442      -0.1164741     
6.904938       127.935824     0.9315213      0.023857       0.0589442      -0.1164741     
6.9679401      122.935824     0.9815213      0.023857       0.0589442      -0.1164741     
6.8648271      205.4525554    0.4966451      0.023857       0.0589442      -0.1164741     
6.8785217      210.4525554    0.4966451      0.023857       0.0589442      -0.1164741     
6.8192317      205.4525554    0.5466451      0.023857       0.0589442      -0.1164741     
6.7145719      187.488409     0.8123138      0.023857       0.0589442      -0.1164741     
6.7166937      192.488409     0.8123138      0.023857       0.0589442      -0.1164741     
6.7140112      187.488409     0.8623138      0.023857       0.0589442      -0.1164741     
6.7139134      184.476769     0.8169684      0.023857       0.0589442      -0.1164741     
6.7150712      189.476769     0.8169684      0.023857       0.0589442      -0.1164741     
6.7142796      184.476769     0.8669684      0.023857       0.0589442      -0.1164741     
Total Time                          : 2.899 h
Load Time                           : 140.334 s
Correlation Fitting Time            : 53.269 min
Correlating Fitting Jackknife Time  : 9.488 min
Optimization Time                   : 1.655 h
Optimization Jackknife Time         : 9.543 min
