RSS            K Variance     Outer Scale    Diameter       Wind X         Wind Y         
6547.1750293   329.0490755    1.0            0.1            0.05           0.05           
9927.5203054   378.4064368    1.0            0.1            0.05           0.05           
6980.7010673   329.0490755    1.15           0.1            0.05           0.05           
7543.6017357   329.0490755    1.0            0.115          0.05           0.05           
6692.0810921   329.0490755    1.0            0.1            0.0575         0.05           
6687.8824059   329.0490755    1.0            0.1            0.05           0.0575         
4447.2024134   279.6917142    1.06           0.106          0.053          0.053          
2704.8493491   230.3343528    1.09           0.109          0.0545         0.0545         
4318.35943     289.5631864    1.096          0.0886         0.0548         0.0548         
3819.9582745   273.7688308    0.9244         0.09904        0.05672        0.05672        
3123.8735716   251.6567329    1.04416        0.098656       0.048908       0.059408       
2307.2747013   220.6997959    1.061824       0.0981184      0.0559712      0.0526712      
1726.9667875   166.5251561    1.092736       0.0971776      0.0589568      0.0502568      
1738.702438    155.6902282    1.0989184      0.0969894      0.0595539      0.0602739      
1742.6765562   141.6269339    1.0040858      0.1117452      0.0566555      0.0576635      
2248.9488778   104.5645308    1.2075601      0.1063873      0.0547097      0.0561209      
3329.7141914   67.8397478     1.1531601      0.1098638      0.0648424      0.052118       
2060.7375375   205.7024866    1.07141        0.101458       0.0528916      0.0575855      
3102.8592332   79.3093814     1.0998841      0.096503       0.058607       0.0582602      
1890.2257262   192.57811      1.092471       0.1058758      0.0555267      0.0554401      
2753.3789632   240.2846351    0.9362884      0.0989111      0.0587241      0.056367       
1769.7098874   138.4945569    1.1397422      0.1045182      0.0557133      0.0561824      
2146.5918881   112.2635074    1.0997713      0.1050645      0.0616709      0.0543412      
1781.5882761   182.3427418    1.0785003      0.1023596      0.0550864      0.0567744      
2064.7869733   121.2937368    1.073122       0.0992403      0.0588596      0.0570204      
1728.1673608   174.7570167    1.0876338      0.1042169      0.05636        0.0558351      
1906.4002183   128.4948149    1.0907461      0.1034994      0.0598094      0.0553103      
1710.283398    168.8807601    1.0815618      0.1026445      0.0562672      0.0564084      
1814.8152896   184.4974811    1.0062321      0.1005912      0.059404       0.0559927      
1713.8660265   149.9952879    1.1063646      0.1035365      0.056636       0.056135       
1801.7339608   184.7124457    1.1828001      0.0900808      0.058454       0.0539002      
1706.324879    152.3983119    1.0487643      0.1063291      0.0571051      0.0567227      
1689.2858319   169.3323849    1.0679058      0.1085724      0.0545761      0.0498693      
1709.955729    176.1534633    1.0523995      0.1143639      0.0520872      0.0446669      
1741.8648257   148.0957437    1.0712993      0.1030872      0.0570565      0.0519217      
1702.3080329   168.0916984    1.0835501      0.1039345      0.0565341      0.0548568      
1657.2304992   156.9542212    1.0625227      0.1128292      0.0534906      0.05934        
1629.6940495   152.1687537    1.047416       0.120655       0.0507575      0.0638817      
1715.4826733   174.3534757    1.0253146      0.1133177      0.05346        0.0565605      
1686.565725    156.0848349    1.0861021      0.1059818      0.055842       0.0562414      
1657.2803467   150.3496334    1.0519336      0.1155446      0.0536588      0.0562203      
1657.6975408   166.0126103    1.0859988      0.1155462      0.0514422      0.0557051      
1624.4288712   149.4875884    1.0521924      0.1225855      0.0499765      0.0579103      
1619.2717114   140.1855334    1.0365135      0.1319111      0.0466977      0.059437       
1655.939934    136.5881614    1.0552798      0.127283       0.0487832      0.0667249      
1587.003899    142.037042     1.0247546      0.1383941      0.0446938      0.0645462      
1568.4282128   135.0131456    0.9940808      0.1546003      0.0391196      0.0686987      
1753.5574661   119.7094807    0.9880908      0.1444514      0.0441645      0.0702799      
1616.9168762   154.4368279    1.0615218      0.1227725      0.0496228      0.0593488      
1574.2238395   137.0073354    1.0259912      0.1473442      0.0403336      0.0710161      
1566.3232725   150.936477     1.0109295      0.1436302      0.0418293      0.062228       
1584.9783638   158.1106348    0.9887543      0.1518038      0.0383524      0.0599795      
1554.3743378   134.862974     1.0041987      0.1594483      0.0362837      0.0644098      
1562.0117108   126.2100842    0.98259        0.178845       0.0290469      0.0646739      
1536.8317171   144.7171705    1.0021752      0.1592071      0.0361779      0.0708435      
1533.45117     146.982989     0.9850061      0.1728552      0.030918       0.0765467      
1537.4094724   127.4843405    0.9465607      0.1883788      0.0257709      0.0778109      
1515.7619217   141.1046351    0.9503191      0.1802209      0.0292351      0.0688615      
1515.2533707   143.153285     0.9124831      0.1966593      0.0236858      0.0677842      
1528.7127557   146.3548806    0.9495904      0.1897884      0.0242755      0.0708132      
1501.2150444   128.5989106    0.9082061      0.2192218      0.0145443      0.080718       
1533.3349685   117.4301275    0.8568443      0.2570176      0.0009017      0.089963       
1522.8221426   142.1667883    0.8765399      0.2273131      0.011394       0.0850594      
1631.9114103   155.4184009    0.9061695      0.2139563      0.0161561      0.0745577      
1506.1688397   134.4678556    0.9364629      0.1947732      0.0233672      0.0769976      
1491.5009069   130.913699     0.8483069      0.2382471      0.0079887      0.0760023      
1501.5160231   122.879054     0.7799573      0.270943       -0.0034759     0.07573        
1502.3064192   125.3653348    0.8432091      0.2406974      0.0081166      0.0838114      
1544.2381693   122.8328457    0.9029273      0.2085264      0.019687       0.069066       
1500.1438313   137.3333027    0.8831367      0.2226164      0.0134673      0.0810611      
1523.8419659   119.5183561    0.8552456      0.249563       0.0033078      0.0916519      
1500.2354335   137.2445528    0.8981737      0.2098852      0.0185913      0.0737512      
1489.1798807   129.3144643    0.8159501      0.257494       0.001716       0.0811399      
1487.5347043   126.7377687    0.7556937      0.2888544      -0.0091095     0.0832111      
1505.6674941   138.9659587    0.8741977      0.2308326      0.0100763      0.074086       
1493.9562906   128.7654908    0.8509563      0.2382312      0.0086065      0.08138        
1498.241582    135.7990149    0.7863009      0.2599119      0.0012734      0.0774443      
1487.4130343   126.5751577    0.7515841      0.2892592      -0.0097008     0.0858883      
1493.3498653   121.2404602    0.6782892      0.3289461      -0.0238468     0.0919569      
1496.1520689   122.1831498    0.714          0.3031851      -0.0138439     0.0805093      
1518.5066622   118.2710915    0.7819155      0.2831988      -0.007697      0.0853521      
1489.1944832   131.4170341    0.7852045      0.2657336      -0.0009692     0.0794212      
1496.4127696   135.5805103    0.8826982      0.2249451      0.0125702      0.0818519      
1490.0289999   125.5324899    0.7561745      0.2836251      -0.0072404     0.0808449      
1485.8850952   127.704969     0.7078292      0.3080566      -0.0162189     0.0807671      
1484.2127035   127.1747081    0.6362657      0.3429693      -0.0286317     0.0804606      
1485.0752061   124.0611644    0.6256621      0.3499295      -0.0302493     0.0879282      
1486.7600858   128.8538432    0.6655895      0.3310733      -0.0242238     0.0859188      
1486.4214701   121.9440228    0.5887135      0.3751006      -0.0397969     0.0899416      
1480.3548809   124.7057898    0.5514323      0.3864784      -0.0439314     0.0888439      
1473.4654126   123.6898003    0.4493015      0.4352904      -0.0613424     0.0916604      
1472.7040039   123.7142578    0.4346289      0.4444861      -0.0639969     0.0884755      
1486.1555418   122.2838079    0.2761513      0.5220995      -0.0911449     0.0897691      
1489.1190905   119.3797381    0.4282392      0.448037       -0.065383      0.0894677      
1482.9900503   126.485317     0.6062519      0.3603142      -0.0345136     0.086806       
1478.0239484   128.1060762    0.5121305      0.3980952      -0.0476967     0.0841907      
1467.778413    127.6068994    0.4297693      0.4425325      -0.0642231     0.0847091      
1451.6927135   129.3797669    0.3318229      0.488834       -0.08121       0.0830995      
1459.4495516   125.3753792    0.2973886      0.5078387      -0.0868722     0.0932323      
1508.0093475   125.6207952    0.2038571      0.5495035      -0.1019336     0.0894573      
1476.4527186   126.2691865    0.5056532      0.4076116      -0.0513686     0.0874689      
1469.8539656   123.2652801    0.2953875      0.5155291      -0.0902193     0.0933839      
1503.4334243   123.9006072    0.2177586      0.5491798      -0.1020877     0.0924718      
1468.9723743   125.6770417    0.4336796      0.4430036      -0.0640484     0.0887196      
1456.9839062   127.27489      0.2678615      0.5245862      -0.0931963     0.0871039      
1467.6359034   128.6746853    0.2158272      0.5474306      -0.1022216     0.0897402      
1448.3075879   131.2874252    0.3232444      0.4891481      -0.0808001     0.0833743      
1455.2548634   135.2984977    0.3371728      0.4759577      -0.0760904     0.0783695      
1576.2136027   131.1198169    0.1407783      0.5801315      -0.1136717     0.0859005      
1457.9432688   127.0377355    0.3604542      0.4772856      -0.0764542     0.0880148      
1466.2400911   127.4673934    0.4164815      0.4476465      -0.0651915     0.0841898      
1458.3700019   127.7692164    0.3663179      0.4725925      -0.074449      0.0855774      
1457.8400205   131.7242344    0.3624917      0.4731399      -0.0755717     0.0776357      
1444.7654984   130.9124044    0.292032       0.508605       -0.0884439     0.082114       
1441.4950193   132.4839984    0.254889       0.5266113      -0.0954413     0.0803823      
1440.8764953   133.8223905    0.2556695      0.5236423      -0.0940336     0.0766235      
1450.9087246   137.2147179    0.2032772      0.5468206      -0.1028233     0.0709278      
1466.335139    129.975154     0.2109032      0.5479889      -0.1023008     0.0865977      
1449.4118837   131.2869643    0.3245946      0.4918521      -0.082254      0.0798762      
1454.5153356   136.0293281    0.3282267      0.4834489      -0.0802993     0.0742384      
1447.0813472   133.8407186    0.3131354      0.4937333      -0.0835235     0.0774548      
1437.3783117   135.7088319    0.2567902      0.5211608      -0.093211      0.0759849      
1436.8831281   138.8733643    0.2192739      0.5373242      -0.0992115     0.0724276      
1438.0253232   136.8361945    0.2218903      0.5363315      -0.09895       0.0762288      
1459.4466294   139.0552414    0.1826989      0.5579089      -0.1076639     0.0698724      
1441.7232792   133.2293792    0.288108       0.5063383      -0.087516      0.0799988      
1464.8092553   136.2574122    0.1827969      0.5583658      -0.1065374     0.0768096      
1440.5221584   134.444892     0.2805508      0.5098914      -0.089277      0.0772935      
1445.8264741   137.3549567    0.2048014      0.547182       -0.1032493     0.0731834      
1438.8891204   134.2607736    0.2672814      0.5165492      -0.0914494     0.078295       
1436.1302045   138.8110475    0.2429774      0.5228842      -0.0937272     0.071965       
1437.7324748   141.9745721    0.2370215      0.5210206      -0.0928702     0.0677564      
1433.5293405   139.4681183    0.2371199      0.52555        -0.0950125     0.0738604      
1432.4320127   142.2909823    0.2278451      0.5265038      -0.0955019     0.0724789      
1441.4633167   141.9840529    0.1911564      0.5459458      -0.102259      0.0712646      
1436.827935    136.3296822    0.2582022      0.518905       -0.0925225     0.0757863      
1437.1901577   142.9957348    0.2007942      0.5402302      -0.1005159     0.0692596      
1437.3139479   142.8841299    0.2377468      0.5220074      -0.0936416     0.0685382      
1434.9017834   141.3721461    0.2337827      0.5255885      -0.0949687     0.0704608      
1438.7543      136.0751542    0.2720383      0.512252       -0.0898568     0.0759878      
1434.4506972   141.2655896    0.2186052      0.5332357      -0.0978511     0.0709417      
1437.6055649   141.1544147    0.2532911      0.5135226      -0.0906171     0.0722255      
1434.7808367   139.4436269    0.2277782      0.5313738      -0.0970629     0.0723771      
1436.4499599   144.9436747    0.2021932      0.5369294      -0.0991222     0.0675031      
1434.4713395   142.7901766    0.2161955      0.5324233      -0.0974723     0.0695739      
1433.0472216   144.0539611    0.2067053      0.5367659      -0.0994155     0.0703679      
1433.6587613   142.5655885    0.2050691      0.5385325      -0.0999528     0.0718349      
1433.3030447   145.7428923    0.2019899      0.5356106      -0.0990146     0.0697019      
1431.0741725   143.5774289    0.2078904      0.5358361      -0.0992221     0.0725562      
1429.4154272   143.971055     0.2037378      0.5375425      -0.100097      0.0740474      
xi +           K Variance     Outer Scale    Diameter       Wind X         Wind Y         
-2.4350761     143.971055     0.2037378      0.5375425      -0.100097      0.0740474      
-2.244898      143.971055     0.2037378      0.5425425      -0.100097      0.0740474      
-2.3475052     143.971055     0.2037378      0.5375425      -0.105097      0.0740474      
-2.4825526     143.971055     0.2037378      0.5375425      -0.100097      0.0790474      
9.8777596      143.971055     0.2037378      0.9178988      -0.2752389     -0.0209056     
9.877647       143.971055     0.2037378      0.9228988      -0.2752389     -0.0209056     
10.1052436     143.971055     0.2037378      0.9178988      -0.2802389     -0.0209056     
10.2085448     143.971055     0.2037378      0.9178988      -0.2752389     -0.0259056     
-3.4529605     143.971055     0.2037378      0.629762       -0.1425611     0.0510255      
-3.1491274     143.971055     0.2037378      0.634762       -0.1425611     0.0510255      
-3.2818217     143.971055     0.2037378      0.629762       -0.1475611     0.0510255      
-3.5555056     143.971055     0.2037378      0.629762       -0.1425611     0.0560255      
-1.84713       143.971055     0.2037378      0.5498794      -0.1057777     0.0709675      
-1.7841257     143.971055     0.2037378      0.5548794      -0.1057777     0.0709675      
-1.7119513     143.971055     0.2037378      0.5498794      -0.1107777     0.0709675      
-1.9384739     143.971055     0.2037378      0.5498794      -0.1057777     0.0759675      
-2.1893762     143.971055     0.2037378      0.5822825      -0.1362861     0.0517763      
-2.7954816     143.971055     0.2037378      0.5872825      -0.1362861     0.0517763      
-1.9827736     143.971055     0.2037378      0.5822825      -0.1412861     0.0517763      
-2.2967749     143.971055     0.2037378      0.5822825      -0.1362861     0.0567763      
-1.381117      143.971055     0.2037378      0.5631671      -0.1182884     0.0630977      
-1.657556      143.971055     0.2037378      0.5681671      -0.1182884     0.0630977      
-1.2102674     143.971055     0.2037378      0.5631671      -0.1232884     0.0630977      
-1.4926503     143.971055     0.2037378      0.5631671      -0.1182884     0.0680977      
-0.8853284     143.971055     0.2037378      0.5626065      -0.1279723     0.05704        
-1.1494775     143.971055     0.2037378      0.5676065      -0.1279723     0.05704        
-0.6989542     143.971055     0.2037378      0.5626065      -0.1329723     0.05704        
-0.9961346     143.971055     0.2037378      0.5626065      -0.1279723     0.06204        
1.5142928      143.971055     0.2037378      0.560364       -0.166708      0.0328091      
1.3013944      143.971055     0.2037378      0.565364       -0.166708      0.0328091      
1.8081707      143.971055     0.2037378      0.560364       -0.171708      0.0328091      
1.3433956      143.971055     0.2037378      0.560364       -0.166708      0.0378091      
-0.0966912     143.971055     0.2037378      0.5617649      -0.1425099     0.0479461      
-0.330821      143.971055     0.2037378      0.5667649      -0.1425099     0.0479461      
0.1090734      143.971055     0.2037378      0.5617649      -0.1475099     0.0479461      
-0.2084354     143.971055     0.2037378      0.5617649      -0.1425099     0.0529461      
1.0614692      143.971055     0.2037378      0.5486197      -0.148899      0.0225858      
1.0664226      143.971055     0.2037378      0.5536197      -0.148899      0.0225858      
1.3133453      143.971055     0.2037378      0.5486197      -0.153899      0.0225858      
0.873431       143.971055     0.2037378      0.5486197      -0.148899      0.0275858      
0.106445       143.971055     0.2037378      0.559579       -0.1435723     0.0437289      
-0.0715996     143.971055     0.2037378      0.564579       -0.1435723     0.0437289      
0.3182748      143.971055     0.2037378      0.559579       -0.1485723     0.0437289      
-0.0112875     143.971055     0.2037378      0.559579       -0.1435723     0.0487289      
-0.0095013     143.971055     0.2037378      0.5608458      -0.1429566     0.046173       
-0.2189863     143.971055     0.2037378      0.5658458      -0.1429566     0.046173       
0.1985731      143.971055     0.2037378      0.5608458      -0.1479566     0.046173       
-0.1231111     143.971055     0.2037378      0.5608458      -0.1429566     0.051173       
7.1223983      143.971055     0.2037378      0.4030601      -0.1251317     -0.184108      
6.771969       143.971055     0.2037378      0.4080601      -0.1251317     -0.184108      
7.6919374      143.971055     0.2037378      0.4030601      -0.1301317     -0.184108      
7.5989997      143.971055     0.2037378      0.4030601      -0.1251317     -0.189108      
1.9660485      143.971055     0.2037378      0.507714       -0.1369543     -0.0313705     
2.1644056      143.971055     0.2037378      0.512714       -0.1369543     -0.0313705     
2.2112775      143.971055     0.2037378      0.507714       -0.1419543     -0.0313705     
2.3346796      143.971055     0.2037378      0.507714       -0.1369543     -0.0363705     
0.4934543      143.971055     0.2037378      0.5488814      -0.141605      0.0287115      
0.5147231      143.971055     0.2037378      0.5538814      -0.141605      0.0287115      
0.7256713      143.971055     0.2037378      0.5488814      -0.146605      0.0287115      
0.3236007      143.971055     0.2037378      0.5488814      -0.141605      0.0337115      
0.114308       143.971055     0.2037378      0.5585317      -0.1426952     0.0427956      
-0.0381655     143.971055     0.2037378      0.5635317      -0.1426952     0.0427956      
0.3261496      143.971055     0.2037378      0.5585317      -0.1476952     0.0427956      
-0.0051638     143.971055     0.2037378      0.5585317      -0.1426952     0.0477956      
0.0146061      143.971055     0.2037378      0.5604234      -0.1429089     0.0455565      
-0.1839697     143.971055     0.2037378      0.5654234      -0.1429089     0.0455565      
0.2232982      143.971055     0.2037378      0.5604234      -0.1479089     0.0455565      
-0.0998164     143.971055     0.2037378      0.5604234      -0.1429089     0.0505565      
-0.0049225     143.971055     0.2037378      0.5607666      -0.1429476     0.0460573      
-0.2123427     143.971055     0.2037378      0.5657666      -0.1429476     0.0460573      
0.2032649      143.971055     0.2037378      0.5607666      -0.1479476     0.0460573      
-0.1186748     143.971055     0.2037378      0.5607666      -0.1429476     0.0510573      
0.0080193      143.971055     0.2037378      0.5605401      -0.142922      0.0457268      
-0.1935464     143.971055     0.2037378      0.5655401      -0.142922      0.0457268      
0.216537       143.971055     0.2037378      0.5605401      -0.147922      0.0457268      
-0.1061658     143.971055     0.2037378      0.5605401      -0.142922      0.0507268      
xi +           K Variance     Outer Scale    Diameter       Wind X         Wind Y         
0.0080193      143.971055     0.2037378      0.5605401      -0.142922      0.0457268      
-0.1201096     148.971055     0.2037378      0.5605401      -0.142922      0.0457268      
0.9519078      143.971055     0.2537378      0.5605401      -0.142922      0.0457268      
122.0175598    0.1            0.1            0.5605401      -0.142922      0.0457268      
38.345859      5.1            0.1            0.5605401      -0.142922      0.0457268      
120.7949467    0.1            0.15           0.5605401      -0.142922      0.0457268      
1.1403021      97.2794915     0.170071       0.5605401      -0.142922      0.0457268      
0.8862735      102.2794915    0.170071       0.5605401      -0.142922      0.0457268      
2.141199       97.2794915     0.220071       0.5605401      -0.142922      0.0457268      
0.1415337      135.0884936    0.1973331      0.5605401      -0.142922      0.0457268      
-0.0015189     140.0884936    0.1973331      0.5605401      -0.142922      0.0457268      
1.0995811      135.0884936    0.2473331      0.5605401      -0.142922      0.0457268      
0.0335795      142.1277039    0.2024087      0.5605401      -0.142922      0.0457268      
-0.0974279     147.1277039    0.2024087      0.5605401      -0.142922      0.0457268      
0.9804539      142.1277039    0.2524087      0.5605401      -0.142922      0.0457268      
0.0117979      143.6936936    0.2035378      0.5605401      -0.142922      0.0457268      
-0.1167574     148.6936936    0.2035378      0.5605401      -0.142922      0.0457268      
0.9561369      143.6936936    0.2535378      0.5605401      -0.142922      0.0457268      
0.0085553      143.9316043    0.2037093      0.5605401      -0.142922      0.0457268      
-0.1196341     148.9316043    0.2037093      0.5605401      -0.142922      0.0457268      
0.9525079      143.9316043    0.2537093      0.5605401      -0.142922      0.0457268      
0.0080949      143.9654893    0.2037338      0.5605401      -0.142922      0.0457268      
-0.1200426     148.9654893    0.2037338      0.5605401      -0.142922      0.0457268      
0.9519924      143.9654893    0.2537338      0.5605401      -0.142922      0.0457268      
0.00803        143.9702707    0.2037372      0.5605401      -0.142922      0.0457268      
-0.1201002     148.9702707    0.2037372      0.5605401      -0.142922      0.0457268      
0.9519197      143.9702707    0.2537372      0.5605401      -0.142922      0.0457268      
0.0080208      143.9709445    0.2037377      0.5605401      -0.142922      0.0457268      
-0.1201083     148.9709445    0.2037377      0.5605401      -0.142922      0.0457268      
0.9519094      143.9709445    0.2537377      0.5605401      -0.142922      0.0457268      
0.0080195      143.9710395    0.2037378      0.5605401      -0.142922      0.0457268      
-0.1201095     148.9710395    0.2037378      0.5605401      -0.142922      0.0457268      
0.951908       143.9710395    0.2537378      0.5605401      -0.142922      0.0457268      
0.0080193      143.9710528    0.2037378      0.5605401      -0.142922      0.0457268      
-0.1201096     148.9710528    0.2037378      0.5605401      -0.142922      0.0457268      
0.9519078      143.9710528    0.2537378      0.5605401      -0.142922      0.0457268      
0.0080193      143.9710547    0.2037378      0.5605401      -0.142922      0.0457268      
-0.1201096     148.9710547    0.2037378      0.5605401      -0.142922      0.0457268      
0.9519078      143.9710547    0.2537378      0.5605401      -0.142922      0.0457268      
0.0080193      143.971055     0.2037378      0.5605401      -0.142922      0.0457268      
-0.1201096     148.971055     0.2037378      0.5605401      -0.142922      0.0457268      
0.9519078      143.971055     0.2537378      0.5605401      -0.142922      0.0457268      
0.0080193      143.971055     0.2037378      0.5605401      -0.142922      0.0457268      
-0.1201096     148.971055     0.2037378      0.5605401      -0.142922      0.0457268      
0.9519078      143.971055     0.2537378      0.5605401      -0.142922      0.0457268      
0.0080193      143.971055     0.2037378      0.5605401      -0.142922      0.0457268      
-0.1201096     148.971055     0.2037378      0.5605401      -0.142922      0.0457268      
0.9519078      143.971055     0.2537378      0.5605401      -0.142922      0.0457268      
0.0080193      143.971055     0.2037378      0.5605401      -0.142922      0.0457268      
-0.1201096     148.971055     0.2037378      0.5605401      -0.142922      0.0457268      
0.9519078      143.971055     0.2537378      0.5605401      -0.142922      0.0457268      
0.0080193      143.971055     0.2037378      0.5605401      -0.142922      0.0457268      
-0.1201096     148.971055     0.2037378      0.5605401      -0.142922      0.0457268      
0.9519078      143.971055     0.2537378      0.5605401      -0.142922      0.0457268      
0.0080193      143.971055     0.2037378      0.5605401      -0.142922      0.0457268      
-0.1201096     148.971055     0.2037378      0.5605401      -0.142922      0.0457268      
0.9519078      143.971055     0.2537378      0.5605401      -0.142922      0.0457268      
0.0080193      143.971055     0.2037378      0.5605401      -0.142922      0.0457268      
-0.1201096     148.971055     0.2037378      0.5605401      -0.142922      0.0457268      
0.9519078      143.971055     0.2537378      0.5605401      -0.142922      0.0457268      
0.0080193      143.971055     0.2037378      0.5605401      -0.142922      0.0457268      
-0.1201096     148.971055     0.2037378      0.5605401      -0.142922      0.0457268      
0.9519078      143.971055     0.2537378      0.5605401      -0.142922      0.0457268      
Total Time                          : 4.093 h
Load Time                           : 146.140 s
Correlation Fitting Time            : 52.978 min
Correlating Fitting Jackknife Time  : 6.411 min
Optimization Time                   : 2.955 h
Optimization Jackknife Time         : 6.424 min
