RSS            K Variance     Outer Scale    Diameter       Wind X         Wind Y         
1363.435947    328.8869535    1.0            0.1            0.05           0.05           
2497.4113226   378.2199965    1.0            0.1            0.05           0.05           
1504.0684112   328.8869535    1.15           0.1            0.05           0.05           
1692.0807167   328.8869535    1.0            0.115          0.05           0.05           
1436.2880844   328.8869535    1.0            0.1            0.0575         0.05           
1386.5447632   328.8869535    1.0            0.1            0.05           0.0575         
859.4259255    279.5539105    1.06           0.106          0.053          0.053          
724.9875282    230.2208675    1.09           0.109          0.0545         0.0545         
851.5275839    289.4205191    1.096          0.0886         0.0548         0.0548         
783.5148276    273.6339453    0.9244         0.09904        0.05672        0.05672        
699.5759717    251.532742     1.04416        0.098656       0.048908       0.059408       
856.9886839    212.8556363    1.06624        0.097984       0.044612       0.064112       
847.5363587    220.5910575    1.061824       0.0981184      0.0559712      0.0526712      
1345.9827132   177.272699     1.0865536      0.0973658      0.0583597      0.0612397      
871.9578952    215.1762627    1.0649152      0.0980243      0.0562698      0.0584298      
892.2785739    290.9833899    1.0216384      0.0993414      0.0520899      0.0528099      
758.2015973    234.1280445    1.054096       0.0983536      0.0552248      0.0570248      
999.7130603    194.6221436    0.973792       0.1126672      0.0537296      0.0573296      
747.7733552    265.7209252    1.065448       0.0946168      0.0545324      0.0554324      
826.8427262    281.5035523    1.0094176      0.1017482      0.0519829      0.0605629      
743.9482762    266.2754286    1.0225192      0.1008407      0.05298        0.05859        
739.8260114    225.5172578    1.1860893      0.1015468      0.0497381      0.0572621      
726.1889982    261.578844     1.1091906      0.1035105      0.0490386      0.0570522      
700.0223746    228.3291307    1.1153356      0.1108048      0.0475334      0.0592925      
778.4666318    212.5961082    1.195391       0.1085666      0.0469073      0.0564159      
706.8307093    252.8555985    1.0657372      0.1027722      0.0514618      0.0580465      
740.749539     264.2896153    0.9836801      0.1083506      0.0508387      0.0580576      
706.8876475    235.2103472    1.135487       0.1032478      0.0500132      0.0574609      
786.8285129    217.6806304    1.0710973      0.1062818      0.051928       0.058431       
699.4062292    250.6042906    1.0996673      0.1042034      0.0497609      0.0573969      
681.9311518    257.1919762    1.0941548      0.0988737      0.0445709      0.0621419      
683.4939392    270.6775305    1.0962322      0.0938105      0.0396064      0.0659628      
702.7699154    260.995148     1.032135       0.1028762      0.0468808      0.0610533      
671.5218459    246.6057165    1.0884439      0.1033935      0.0435999      0.0616706      
658.0525984    243.4807755    1.0997973      0.1037041      0.0396689      0.0634826      
699.4903511    231.460418     1.149111       0.1036205      0.0452961      0.0596354      
691.2576323    265.3789502    1.0794205      0.0928182      0.0437485      0.0615335      
660.8564799    247.7138221    1.1647004      0.102632       0.0403101      0.0622681      
720.3223926    274.2875079    1.0659851      0.097272       0.0419277      0.0630938      
677.908783     242.1671905    1.1283296      0.1020334      0.044454       0.0605         
638.9187847    251.7687952    1.1268938      0.0958212      0.0353401      0.0665736      
608.1133953    252.3510475    1.140507       0.0916301      0.0281296      0.0711619      
654.221041     231.7829745    1.1715751      0.1067311      0.0351049      0.0662884      
652.6752936    229.8063479    1.1878089      0.1038186      0.0304961      0.0673385      
608.4013687    239.8867966    1.1774259      0.1013729      0.0250299      0.0717158      
628.5504916    231.2093547    1.1461453      0.1002707      0.0230616      0.0737268      
608.0088679    230.533833     1.2295876      0.0978253      0.01706        0.07661        
601.6935       224.0603617    1.2944828      0.0948858      0.0057555      0.0831736      
565.0481441    239.1425888    1.2069729      0.0900602      0.0098842      0.0805583      
516.8702948    242.8223959    1.2246718      0.0817248      -0.0027262     0.0876933      
507.5931617    246.3256347    1.2054842      0.0841352      0.0012041      0.0876501      
434.4202524    254.5852781    1.2143219      0.0742935      -0.0134419     0.0978058      
464.6393683    254.2729972    1.2744184      0.0772921      -0.0059629     0.0908934      
433.3267468    251.3500356    1.2819348      0.0665576      -0.0203283     0.1005754      
416.4761548    257.081655     1.3341893      0.0491499      -0.0430073     0.1150051      
458.5469444    240.7780277    1.3963266      0.0593083      -0.0518828     0.1186666      
407.2072141    275.7557799    1.2830884      0.0418216      -0.0525639     0.120852       
583.4858692    301.603489     1.2773913      0.0152895      -0.0817237     0.1396913      
441.3435843    270.1670992    1.376266       0.0390214      -0.0640173     0.1295959      
562.9223053    265.0741387    1.3672584      0.0281458      -0.0840024     0.1418768      
405.8082616    256.9732826    1.2976284      0.0650055      -0.0254728     0.1036392      
357.9210198    285.0472103    1.205871       0.0484084      -0.0275185     0.1080927      
373.3822793    307.1818015    1.1106431      0.0429585      -0.0153364     0.1028058      
478.4324547    261.6101831    1.1577736      0.0724502      -0.0007845     0.0885621      
392.2071729    268.0278702    1.3216429      0.0473786      -0.0482091     0.1193374      
474.3846212    282.5690411    1.3626461      0.0264122      -0.0652668     0.1289648      
391.8406102    261.5812188    1.2514029      0.0623231      -0.0263981     0.1055956      
368.4003654    281.8724897    1.2096642      0.056825       -0.0290576     0.1080017      
418.0063384    265.6450487    1.2313954      0.0701547      -0.0100985     0.0970146      
378.7937639    273.2280971    1.2701652      0.0489049      -0.0419476     0.1148927      
370.2684676    290.9294718    1.20587        0.0405305      -0.0437796     0.1187288      
374.3600287    289.0355249    1.1355464      0.0554182      -0.0192715     0.1027871      
366.6454946    306.4638986    1.1594438      0.0377116      -0.0382318     0.1154056      
365.4107148    308.111341     1.096393       0.0466526      -0.0211961     0.1063137      
373.6449176    299.9342397    1.2153504      0.0366331      -0.044642      0.1198298      
359.7677291    297.209561     1.1953994      0.0413293      -0.0382994     0.1155692      
375.9716749    300.5523284    1.1408385      0.0518403      -0.0179418     0.1026243      
358.5166518    293.335186     1.1896122      0.0433579      -0.0373202     0.1147027      
365.8733922    314.1943891    1.1290235      0.030159       -0.0359688     0.1160319      
350.625044     292.6951763    1.1670758      0.0462513      -0.0258893     0.1088784      
359.8210762    285.8108151    1.1708919      0.0505211      -0.0197181     0.1056148      
373.2388649    276.3650007    1.212717       0.0602408      -0.0241206     0.1053908      
353.9903662    304.737042     1.1499469      0.0376795      -0.0330067     0.1133716      
375.7741642    281.0983292    1.2667691      0.040158       -0.0436176     0.1179321      
353.8085382    301.358088     1.138987       0.0450289      -0.0268015     0.1092183      
358.6842137    293.65952      1.1451978      0.0469611      -0.0219151     0.1061363      
353.0813707    294.5470303    1.1577482      0.0455531      -0.0260112     0.1084945      
362.4356394    298.0186328    1.1382394      0.0458106      -0.0183707     0.1045195      
352.8711414    294.5060477    1.176769       0.0439711      -0.0325828     0.1121569      
353.0313003    310.0901434    1.1103398      0.0389851      -0.0301981     0.1127552      
355.8073052    292.5415523    1.150421       0.0502364      -0.0235864     0.1072297      
351.2436915    301.6881696    1.1500654      0.0408187      -0.0306516     0.1118361      
350.0155736    296.0525388    1.1658122      0.0412028      -0.0313317     0.1124302      
353.0124775    293.3997642    1.1792248      0.0392897      -0.0335969     0.1140361      
351.9333782    303.4658       1.1502767      0.0389385      -0.0342503     0.1147282      
355.0429536    285.2729495    1.2136599      0.0454878      -0.0316843     0.1112567      
350.4598535    303.8858449    1.1361698      0.0406108      -0.0305696     0.1123806      
347.6714604    304.6089642    1.130991       0.0391577      -0.0284942     0.1119445      
348.2010402    309.6604224    1.1081021      0.0367511      -0.0264499     0.1118383      
352.3913657    296.1064775    1.149769       0.0442781      -0.0245244     0.1082597      
349.567193     301.6259694    1.1501498      0.0402734      -0.0318188     0.1131111      
346.1300897    297.8592279    1.1500141      0.0421797      -0.0285898     0.1116618      
344.361686     295.944757     1.1499884      0.0428602      -0.0275589     0.1115746      
352.6072575    308.1520535    1.1261687      0.0353907      -0.03402       0.1156979      
348.1634122    296.5593956    1.156849       0.0435361      -0.027922      0.1105833      
346.6491214    294.0308051    1.1653464      0.0422013      -0.0282807     0.1114769      
344.4375652    301.0554177    1.1355176      0.0420087      -0.0262981     0.111046       
346.5812864    295.2537664    1.1453272      0.0436323      -0.0236028     0.109539       
342.868522     299.7980886    1.1340192      0.040408       -0.0257719     0.1116491      
341.6078205    301.4174351    1.1226043      0.0388439      -0.0246968     0.112182       
344.5148869    290.4719083    1.1565225      0.0446608      -0.0236807     0.1103829      
342.1176577    299.6265088    1.1186376      0.0426011      -0.0220542     0.1104129      
338.8369213    300.1526443    1.127981       0.0407576      -0.0261127     0.1127003      
336.2410825    302.6020833    1.1193079      0.0393203      -0.0273677     0.1142809      
343.5711476    309.7865724    1.1018998      0.0375928      -0.0275096     0.1134157      
337.526923     302.695525     1.1094576      0.0384786      -0.0253768     0.1137004      
337.9723139    310.5064928    1.0787745      0.0358744      -0.0232432     0.1140222      
338.4118307    296.9526456    1.117613       0.0404544      -0.0215859     0.1124237      
336.1965645    306.0431639    1.1004653      0.0345876      -0.0268539     0.1162308      
339.2859833    309.2514915    1.0913791      0.0305808      -0.0292537     0.1191398      
330.8758373    306.1025291    1.087643       0.0366422      -0.0250742     0.1160812      
326.5798798    308.4450761    1.0701623      0.0355414      -0.0252628     0.1180309      
338.7258349    315.1642909    1.0736541      0.0330665      -0.0296559     0.1180824      
335.0800312    301.5055569    1.1066232      0.0386075      -0.0236034     0.1138384      
331.9683746    298.0100693    1.123632       0.0387397      -0.0281427     0.1164104      
327.4830656    303.9468549    1.0986187      0.03624        -0.0271154     0.1178161      
328.7984901    304.5782051    1.0804927      0.0341662      -0.0250236     0.1186497      
322.7587887    300.551141     1.0913463      0.0387303      -0.0248053     0.1176674      
317.434281     297.8051296    1.0867868      0.0408017      -0.0237809     0.1183857      
317.9862143    303.6085771    1.0772538      0.0355882      -0.0281268     0.1218787      
317.3270532    309.3434678    1.0416937      0.0341953      -0.0235811     0.121494       
316.6773114    315.0101671    1.0007245      0.0319231      -0.0213003     0.1240359      
312.2538121    306.9481168    1.0529257      0.0378715      -0.0252109     0.1214092      
308.4422927    308.1330726    1.0391423      0.0397242      -0.0253046     0.122789       
304.9915524    309.2539541    1.0110092      0.0371915      -0.0223948     0.1242319      
299.1965382    311.9075038    0.9672044      0.0376672      -0.0200346     0.1274398      
292.869551     306.1407039    0.9982824      0.0387403      -0.022156      0.1277807      
280.6679812    304.9885177    0.9623425      0.0403397      -0.0206026     0.1326557      
296.3806613    311.5291792    0.9452265      0.0405942      -0.0162824     0.1282437      
301.6865148    322.8222466    0.8790693      0.0352977      -0.0176289     0.1356799      
283.3294132    308.7420409    0.9164694      0.0455261      -0.0186409     0.1346874      
298.3880402    315.8627227    0.8289826      0.0400458      -0.0119712     0.1406936      
283.2453033    298.3897391    0.9690209      0.0463716      -0.0173838     0.1298081      
274.1626943    303.8973761    0.8816123      0.0474838      -0.0139178     0.1389956      
270.1149486    299.8923122    0.8388162      0.0523921      -0.0108594     0.1447734      
289.5741896    293.553993     1.0237676      0.0500437      -0.0215365     0.1273737      
264.214641     290.697462     0.9389402      0.0532751      -0.0193269     0.1394756      
259.0050324    280.2816034    0.9357971      0.0596155      -0.0208491     0.1450916      
267.6615119    303.3636924    0.8252108      0.0476543      -0.0137979     0.1474328      
254.8983415    286.0243051    0.8960056      0.0530231      -0.0147562     0.1452173      
255.1589448    274.6654372    0.8857737      0.0567716      -0.0128139     0.1504823      
xi +           K Variance     Outer Scale    Diameter       Wind X         Wind Y         
51.072892      286.0243051    0.8960056      0.0530231      -0.0147562     0.1452173      
51.2214153     286.0243051    0.8960056      0.0580231      -0.0147562     0.1452173      
51.0495528     286.0243051    0.8960056      0.0530231      -0.0197562     0.1452173      
52.107248      286.0243051    0.8960056      0.0530231      -0.0147562     0.1502173      
90.4938351     286.0243051    0.8960056      0.01           -0.0614346     -1.9234947     
89.8051608     286.0243051    0.8960056      0.015          -0.0614346     -1.9234947     
90.6310117     286.0243051    0.8960056      0.01           -0.0664346     -1.9234947     
90.5627645     286.0243051    0.8960056      0.01           -0.0614346     -1.9284947     
68.5132983     286.0243051    0.8960056      0.0404388      -0.0284098     -0.4598857     
68.4070127     286.0243051    0.8960056      0.0454388      -0.0284098     -0.4598857     
68.5173215     286.0243051    0.8960056      0.0404388      -0.0334098     -0.4598857     
68.08926       286.0243051    0.8960056      0.0404388      -0.0284098     -0.4648857     
19.8020053     286.0243051    0.8960056      0.0502455      -0.0177699     0.0116573      
20.1820228     286.0243051    0.8960056      0.0552455      -0.0177699     0.0116573      
19.6063572     286.0243051    0.8960056      0.0502455      -0.0227699     0.0116573      
19.9649431     286.0243051    0.8960056      0.0502455      -0.0177699     0.0166573      
21.0494192     286.0243051    0.8960056      0.01           -0.0502472     -0.0318744     
20.7274469     286.0243051    0.8960056      0.015          -0.0502472     -0.0318744     
20.8227818     286.0243051    0.8960056      0.01           -0.0552472     -0.0318744     
22.00066       286.0243051    0.8960056      0.01           -0.0502472     -0.0368744     
18.7934746     286.0243051    0.8960056      0.0332081      -0.0315187     -0.0067713     
18.8615228     286.0243051    0.8960056      0.0382081      -0.0315187     -0.0067713     
18.481607      286.0243051    0.8960056      0.0332081      -0.0365187     -0.0067713     
19.0301694     286.0243051    0.8960056      0.0332081      -0.0315187     -0.0117713     
15.7900573     286.0243051    0.8960056      0.01           -0.0649975     0.0015952      
15.5884986     286.0243051    0.8960056      0.015          -0.0649975     0.0015952      
15.3739566     286.0243051    0.8960056      0.01           -0.0699975     0.0015952      
15.6110509     286.0243051    0.8960056      0.01           -0.0649975     0.0065952      
13.7630606     286.0243051    0.8960056      0.01           -0.3494762     0.0478887      
13.6471764     286.0243051    0.8960056      0.015          -0.3494762     0.0478887      
13.8216041     286.0243051    0.8960056      0.01           -0.3544762     0.0478887      
14.3929979     286.0243051    0.8960056      0.01           -0.3494762     0.0528887      
12.7571971     286.0243051    0.8960056      0.0316168      -0.3052243     0.0149267      
13.2349494     286.0243051    0.8960056      0.0366168      -0.3052243     0.0149267      
12.8503211     286.0243051    0.8960056      0.0316168      -0.3102243     0.0149267      
12.3880995     286.0243051    0.8960056      0.0316168      -0.3052243     0.0199267      
12.7966289     286.0243051    0.8960056      0.01           -0.2604998     0.0044939      
12.5975021     286.0243051    0.8960056      0.015          -0.2604998     0.0044939      
12.8522068     286.0243051    0.8960056      0.01           -0.2654998     0.0044939      
12.2502694     286.0243051    0.8960056      0.01           -0.2604998     0.0094939      
12.3485457     286.0243051    0.8960056      0.0220484      -0.2854276     0.0103088      
12.5329724     286.0243051    0.8960056      0.0270484      -0.2854276     0.0103088      
12.4636368     286.0243051    0.8960056      0.0220484      -0.2904276     0.0103088      
11.9232125     286.0243051    0.8960056      0.0220484      -0.2854276     0.0153088      
12.0602564     286.0243051    0.8960056      0.01           -0.1213536     0.0112188      
12.0160247     286.0243051    0.8960056      0.015          -0.1213536     0.0112188      
11.9869555     286.0243051    0.8960056      0.01           -0.1263536     0.0112188      
11.9582509     286.0243051    0.8960056      0.01           -0.1213536     0.0162188      
11.874561      286.0243051    0.8960056      0.0160489      -0.1996078     0.0225347      
12.0165035     286.0243051    0.8960056      0.0210489      -0.1996078     0.0225347      
11.9383881     286.0243051    0.8960056      0.0160489      -0.2046078     0.0225347      
12.0595928     286.0243051    0.8960056      0.0160489      -0.1996078     0.0275347      
11.8829633     286.0243051    0.8960056      0.0128664      -0.1584364     0.0165812      
11.9329307     286.0243051    0.8960056      0.0178664      -0.1584364     0.0165812      
11.8414328     286.0243051    0.8960056      0.0128664      -0.1634364     0.0165812      
11.8969011     286.0243051    0.8960056      0.0128664      -0.1584364     0.0215812      
11.8234292     286.0243051    0.8960056      0.0123187      -0.2001239     0.0170061      
11.8809835     286.0243051    0.8960056      0.0173187      -0.2001239     0.0170061      
11.9072937     286.0243051    0.8960056      0.0123187      -0.2051239     0.0170061      
11.8251311     286.0243051    0.8960056      0.0123187      -0.2001239     0.0220061      
11.7152664     286.0243051    0.8960056      0.0126824      -0.1724393     0.0167239      
11.7812459     286.0243051    0.8960056      0.0176824      -0.1724393     0.0167239      
11.660511      286.0243051    0.8960056      0.0126824      -0.1774393     0.0167239      
11.7676776     286.0243051    0.8960056      0.0126824      -0.1724393     0.0217239      
11.6370452     286.0243051    0.8960056      0.0125375      -0.1834736     0.0168364      
11.7095524     286.0243051    0.8960056      0.0175375      -0.1834736     0.0168364      
11.6617445     286.0243051    0.8960056      0.0125375      -0.1884736     0.0168364      
11.6824771     286.0243051    0.8960056      0.0125375      -0.1834736     0.0218364      
11.705318      286.0243051    0.8960056      0.0110635      -0.1755256     0.015359       
11.7324369     286.0243051    0.8960056      0.0160635      -0.1755256     0.015359       
11.6709845     286.0243051    0.8960056      0.0110635      -0.1805256     0.015359       
11.7066451     286.0243051    0.8960056      0.0110635      -0.1755256     0.020359       
11.6389472     286.0243051    0.8960056      0.0123378      -0.1823969     0.0166362      
11.7056835     286.0243051    0.8960056      0.0173378      -0.1823969     0.0166362      
11.6556222     286.0243051    0.8960056      0.0123378      -0.1873969     0.0166362      
11.6791716     286.0243051    0.8960056      0.0123378      -0.1823969     0.0216362      
11.6372126     286.0243051    0.8960056      0.0125014      -0.183279      0.0168002      
11.708691      286.0243051    0.8960056      0.0175014      -0.183279      0.0168002      
11.6604825     286.0243051    0.8960056      0.0125014      -0.188279      0.0168002      
11.6817239     286.0243051    0.8960056      0.0125014      -0.183279      0.0218002      
11.637071      286.0243051    0.8960056      0.0125306      -0.1834365     0.0168295      
11.7093829     286.0243051    0.8960056      0.0175306      -0.1834365     0.0168295      
11.6614989     286.0243051    0.8960056      0.0125306      -0.1884365     0.0168295      
11.6823284     286.0243051    0.8960056      0.0125306      -0.1834365     0.0218295      
11.6370499     286.0243051    0.8960056      0.0125361      -0.1834665     0.0168351      
11.7095196     286.0243051    0.8960056      0.0175361      -0.1834665     0.0168351      
11.661697      286.0243051    0.8960056      0.0125361      -0.1884665     0.0168351      
11.6824483     286.0243051    0.8960056      0.0125361      -0.1834665     0.0218351      
11.6370461     286.0243051    0.8960056      0.0125372      -0.1834722     0.0168361      
11.7095461     286.0243051    0.8960056      0.0175372      -0.1834722     0.0168361      
11.6617353     286.0243051    0.8960056      0.0125372      -0.1884722     0.0168361      
11.6824716     286.0243051    0.8960056      0.0125372      -0.1834722     0.0218361      
11.6370453     286.0243051    0.8960056      0.0125374      -0.1834733     0.0168363      
11.7095512     286.0243051    0.8960056      0.0175374      -0.1834733     0.0168363      
11.6617427     286.0243051    0.8960056      0.0125374      -0.1884733     0.0168363      
11.6824761     286.0243051    0.8960056      0.0125374      -0.1834733     0.0218363      
11.6370452     286.0243051    0.8960056      0.0125375      -0.1834736     0.0168364      
11.7095522     286.0243051    0.8960056      0.0175375      -0.1834736     0.0168364      
11.6617441     286.0243051    0.8960056      0.0125375      -0.1884736     0.0168364      
11.6824769     286.0243051    0.8960056      0.0125375      -0.1834736     0.0218364      
11.6370452     286.0243051    0.8960056      0.0125375      -0.1834736     0.0168364      
11.7095524     286.0243051    0.8960056      0.0175375      -0.1834736     0.0168364      
11.6617444     286.0243051    0.8960056      0.0125375      -0.1884736     0.0168364      
11.6824771     286.0243051    0.8960056      0.0125375      -0.1834736     0.0218364      
11.6370452     286.0243051    0.8960056      0.0125375      -0.1834736     0.0168364      
11.7095524     286.0243051    0.8960056      0.0175375      -0.1834736     0.0168364      
11.6617444     286.0243051    0.8960056      0.0125375      -0.1884736     0.0168364      
11.6824771     286.0243051    0.8960056      0.0125375      -0.1834736     0.0218364      
11.6370452     286.0243051    0.8960056      0.0125375      -0.1834736     0.0168364      
11.7095524     286.0243051    0.8960056      0.0175375      -0.1834736     0.0168364      
11.6617445     286.0243051    0.8960056      0.0125375      -0.1884736     0.0168364      
11.6824771     286.0243051    0.8960056      0.0125375      -0.1834736     0.0218364      
11.6370452     286.0243051    0.8960056      0.0125375      -0.1834736     0.0168364      
11.7095524     286.0243051    0.8960056      0.0175375      -0.1834736     0.0168364      
11.6617445     286.0243051    0.8960056      0.0125375      -0.1884736     0.0168364      
11.6824771     286.0243051    0.8960056      0.0125375      -0.1834736     0.0218364      
11.6370452     286.0243051    0.8960056      0.0125375      -0.1834736     0.0168364      
11.7095524     286.0243051    0.8960056      0.0175375      -0.1834736     0.0168364      
11.6617445     286.0243051    0.8960056      0.0125375      -0.1884736     0.0168364      
11.6824771     286.0243051    0.8960056      0.0125375      -0.1834736     0.0218364      
11.6370452     286.0243051    0.8960056      0.0125375      -0.1834736     0.0168364      
11.7095524     286.0243051    0.8960056      0.0175375      -0.1834736     0.0168364      
11.6617445     286.0243051    0.8960056      0.0125375      -0.1884736     0.0168364      
11.6824771     286.0243051    0.8960056      0.0125375      -0.1834736     0.0218364      
11.6370452     286.0243051    0.8960056      0.0125375      -0.1834736     0.0168364      
11.7095524     286.0243051    0.8960056      0.0175375      -0.1834736     0.0168364      
11.6617445     286.0243051    0.8960056      0.0125375      -0.1884736     0.0168364      
11.6824771     286.0243051    0.8960056      0.0125375      -0.1834736     0.0218364      
11.6370452     286.0243051    0.8960056      0.0125375      -0.1834736     0.0168364      
11.7095524     286.0243051    0.8960056      0.0175375      -0.1834736     0.0168364      
11.6617445     286.0243051    0.8960056      0.0125375      -0.1884736     0.0168364      
11.6824771     286.0243051    0.8960056      0.0125375      -0.1834736     0.0218364      
11.6370452     286.0243051    0.8960056      0.0125375      -0.1834736     0.0168364      
11.7095524     286.0243051    0.8960056      0.0175375      -0.1834736     0.0168364      
11.6617445     286.0243051    0.8960056      0.0125375      -0.1884736     0.0168364      
11.6824771     286.0243051    0.8960056      0.0125375      -0.1834736     0.0218364      
11.6370452     286.0243051    0.8960056      0.0125375      -0.1834736     0.0168364      
11.7095524     286.0243051    0.8960056      0.0175375      -0.1834736     0.0168364      
11.6617445     286.0243051    0.8960056      0.0125375      -0.1884736     0.0168364      
11.6824771     286.0243051    0.8960056      0.0125375      -0.1834736     0.0218364      
11.6370452     286.0243051    0.8960056      0.0125375      -0.1834736     0.0168364      
11.7095524     286.0243051    0.8960056      0.0175375      -0.1834736     0.0168364      
11.6617445     286.0243051    0.8960056      0.0125375      -0.1884736     0.0168364      
11.6824771     286.0243051    0.8960056      0.0125375      -0.1834736     0.0218364      
11.6370452     286.0243051    0.8960056      0.0125375      -0.1834736     0.0168364      
11.7095524     286.0243051    0.8960056      0.0175375      -0.1834736     0.0168364      
11.6617445     286.0243051    0.8960056      0.0125375      -0.1884736     0.0168364      
11.6824771     286.0243051    0.8960056      0.0125375      -0.1834736     0.0218364      
xi +           K Variance     Outer Scale    Diameter       Wind X         Wind Y         
11.6370452     286.0243051    0.8960056      0.0125375      -0.1834736     0.0168364      
11.5896086     291.0243051    0.8960056      0.0125375      -0.1834736     0.0168364      
11.7237908     286.0243051    0.9460056      0.0125375      -0.1834736     0.0168364      
30.0608097     380.8973833    0.1            0.0125375      -0.1834736     0.0168364      
29.7930715     385.8973833    0.1            0.0125375      -0.1834736     0.0168364      
16.7771341     380.8973833    0.15           0.0125375      -0.1834736     0.0168364      
10.9084739     316.7115779    0.6385328      0.0125375      -0.1834736     0.0168364      
10.8791605     321.7115779    0.6385328      0.0125375      -0.1834736     0.0168364      
11.0075817     316.7115779    0.6885328      0.0125375      -0.1834736     0.0168364      
10.3113968     348.8044806    0.3692664      0.0125375      -0.1834736     0.0168364      
10.2935156     353.8044806    0.3692664      0.0125375      -0.1834736     0.0168364      
10.3487594     348.8044806    0.4192664      0.0125375      -0.1834736     0.0168364      
29.7660242     386.4091344    0.1            0.0125375      -0.1834736     0.0168364      
29.5051562     391.4091344    0.1            0.0125375      -0.1834736     0.0168364      
16.6386561     386.4091344    0.15           0.0125375      -0.1834736     0.0168364      
10.3180944     353.3894829    0.3364357      0.0125375      -0.1834736     0.0168364      
10.2993682     358.3894829    0.3364357      0.0125375      -0.1834736     0.0168364      
10.3009703     353.3894829    0.3864357      0.0125375      -0.1834736     0.0168364      
10.3083378     349.8892754    0.3614988      0.0125375      -0.1834736     0.0168364      
10.2903726     354.8892754    0.3614988      0.0125375      -0.1834736     0.0168364      
10.3355553     349.8892754    0.4114988      0.0125375      -0.1834736     0.0168364      
Total Time                          : 5.836 h
Load Time                           : 143.098 s
Correlation Fitting Time            : 23.142 min
Correlating Fitting Jackknife Time  : 9.118 min
Optimization Time                   : 5.109 h
Optimization Jackknife Time         : 8.922 min
