  xiplus: 34.248534       var: 206.400264       oS: 17.376640         d: -0.000061    wind_x: 0.017663     wind_y: 0.036065  
  xiplus: 34.258534       var: 237.360304       oS: 17.376640         d: -0.000061    wind_x: 0.017663     wind_y: 0.036065  
  xiplus: 34.248186       var: 206.400264       oS: 19.983136         d: -0.000061    wind_x: 0.017663     wind_y: 0.036065  
  xiplus: 34.248709       var: 206.400264       oS: 17.376640         d: -0.000070    wind_x: 0.017663     wind_y: 0.036065  
  xiplus: 34.389998       var: 206.400264       oS: 17.376640         d: -0.000061    wind_x: 0.020312     wind_y: 0.036065  
  xiplus: 34.992987       var: 206.400264       oS: 17.376640         d: -0.000061    wind_x: 0.017663     wind_y: 0.041475  
  xiplus: 33.903767       var: 218.784280       oS: 18.419238         d: -0.000065    wind_x: 0.018723     wind_y: 0.030655  
  xiplus: 34.374922       var: 224.976288       oS: 18.940538         d: -0.000066    wind_x: 0.019253     wind_y: 0.025246  
  xiplus: 34.110408       var: 223.737886       oS: 18.836278         d: -0.000066    wind_x: 0.015437     wind_y: 0.033901  
  xiplus: 34.061052       var: 187.328880       oS: 19.420133         d: -0.000068    wind_x: 0.017197     wind_y: 0.033036  
  xiplus: 33.958655       var: 210.660365       oS: 20.237530         d: -0.000058    wind_x: 0.017010     wind_y: 0.031824  
  xiplus: 33.850329       var: 212.364406       oS: 21.381886         d: -0.000066    wind_x: 0.016749     wind_y: 0.030127  
  xiplus: 33.713366       var: 215.346477       oS: 23.384509         d: -0.000069    wind_x: 0.016292     wind_y: 0.027158  
  xiplus: 33.706367       var: 215.942891       oS: 20.135939         d: -0.000069    wind_x: 0.016201     wind_y: 0.026565  
  xiplus: 34.072268       var: 220.714205       oS: 20.212341         d: -0.000074    wind_x: 0.015470     wind_y: 0.021814  
  xiplus: 34.168400       var: 195.487271       oS: 21.802662         d: -0.000066    wind_x: 0.018731     wind_y: 0.025794  
  xiplus: 33.933658       var: 216.675232       oS: 19.577874         d: -0.000066    wind_x: 0.016261     wind_y: 0.031874  
  xiplus: 33.698414       var: 243.634819       oS: 21.281903         d: -0.000063    wind_x: 0.016598     wind_y: 0.026195  
  xiplus: 33.993311       var: 271.787788       oS: 22.212789         d: -0.000060    wind_x: 0.016299     wind_y: 0.022775  
  xiplus: 33.756619       var: 233.493114       oS: 20.882256         d: -0.000074    wind_x: 0.016620     wind_y: 0.025155  
  xiplus: 34.370699       var: 234.205400       oS: 22.063664         d: -0.000070    wind_x: 0.017512     wind_y: 0.022417  
  xiplus: 33.807025       var: 221.057774       oS: 20.199321         d: -0.000067    wind_x: 0.016574     wind_y: 0.029510  
  xiplus: 33.786412       var: 233.005750       oS: 23.934333         d: -0.000072    wind_x: 0.014191     wind_y: 0.023178  
  xiplus: 34.035898       var: 235.511446       oS: 23.648255         d: -0.000072    wind_x: 0.015387     wind_y: 0.021791  
  xiplus: 33.713710       var: 224.671192       oS: 21.061555         d: -0.000068    wind_x: 0.016277     wind_y: 0.027580  
  xiplus: 33.860295       var: 220.229647       oS: 18.764132         d: -0.000065    wind_x: 0.018604     wind_y: 0.029883  
  xiplus: 33.704282       var: 229.811725       oS: 22.641783         d: -0.000071    wind_x: 0.015294     wind_y: 0.024854  
  xiplus: 33.728738       var: 218.269727       oS: 22.520020         d: -0.000062    wind_x: 0.015645     wind_y: 0.027786  
  xiplus: 33.702603       var: 222.075574       oS: 22.110579         d: -0.000065    wind_x: 0.015889     wind_y: 0.027128  
  xiplus: 33.710582       var: 226.053402       oS: 22.760331         d: -0.000066    wind_x: 0.015832     wind_y: 0.025180  
  xiplus: 33.704168       var: 239.660887       oS: 20.187705         d: -0.000065    wind_x: 0.015634     wind_y: 0.024810  
  xiplus: 33.684667       var: 234.396956       oS: 19.782833         d: -0.000067    wind_x: 0.016014     wind_y: 0.026641  
  xiplus: 33.698454       var: 238.568734       oS: 18.294084         d: -0.000067    wind_x: 0.016104     wind_y: 0.027371  
  xiplus: 33.676648       var: 251.889093       oS: 22.265982         d: -0.000062    wind_x: 0.015571     wind_y: 0.025287  
  xiplus: 33.683569       var: 269.862194       oS: 23.331003         d: -0.000059    wind_x: 0.015255     wind_y: 0.024648  
  xiplus: 33.695851       var: 246.851207       oS: 19.609818         d: -0.000058    wind_x: 0.016588     wind_y: 0.027170  
  xiplus: 33.728797       var: 239.878173       oS: 21.832741         d: -0.000061    wind_x: 0.016630     wind_y: 0.028158  
  xiplus: 33.683495       var: 239.715209       oS: 20.598964         d: -0.000064    wind_x: 0.015883     wind_y: 0.025647  
  xiplus: 33.706930       var: 264.519340       oS: 19.305221         d: -0.000060    wind_x: 0.016372     wind_y: 0.025248  
  xiplus: 33.685851       var: 232.686515       oS: 21.409240         d: -0.000064    wind_x: 0.016010     wind_y: 0.026658  
  xiplus: 33.677208       var: 238.580774       oS: 20.184831         d: -0.000063    wind_x: 0.015428     wind_y: 0.026366  
  xiplus: 33.692280       var: 232.056212       oS: 22.086922         d: -0.000070    wind_x: 0.014974     wind_y: 0.025070  
  xiplus: 33.679626       var: 235.754961       oS: 21.467646         d: -0.000067    wind_x: 0.015377     wind_y: 0.025595  
  xiplus: 33.678913       var: 247.448281       oS: 20.310863         d: -0.000065    wind_x: 0.015299     wind_y: 0.025157  
  xiplus: 33.692081       var: 250.958370       oS: 22.148481         d: -0.000062    wind_x: 0.015009     wind_y: 0.024580  
  xiplus: 33.676730       var: 238.537310       oS: 20.374245         d: -0.000065    wind_x: 0.015763     wind_y: 0.026126  
  xiplus: 33.672399       var: 245.168959       oS: 21.242463         d: -0.000065    wind_x: 0.015092     wind_y: 0.025765  
  xiplus: 33.676087       var: 247.895834       oS: 21.564212         d: -0.000066    wind_x: 0.014697     wind_y: 0.025824  
  xiplus: 33.667975       var: 252.894806       oS: 20.283708         d: -0.000062    wind_x: 0.015483     wind_y: 0.025885  
  xiplus: 33.666357       var: 261.464729       oS: 19.691739         d: -0.000059    wind_x: 0.015536     wind_y: 0.026031  
  xiplus: 33.677197       var: 246.808064       oS: 21.192841         d: -0.000061    wind_x: 0.015657     wind_y: 0.026673  
  xiplus: 33.669054       var: 258.966489       oS: 21.722077         d: -0.000062    wind_x: 0.015620     wind_y: 0.025586  
  xiplus: 33.684453       var: 255.602567       oS: 20.925761         d: -0.000065    wind_x: 0.015376     wind_y: 0.024844  
  xiplus: 33.670375       var: 249.006690       oS: 21.126071         d: -0.000062    wind_x: 0.015586     wind_y: 0.026216  
  xiplus: 33.666529       var: 268.061074       oS: 22.045087         d: -0.000059    wind_x: 0.015200     wind_y: 0.025428  
  xiplus: 33.671062       var: 261.178083       oS: 20.064993         d: -0.000061    wind_x: 0.015243     wind_y: 0.026323  
  xiplus: 33.667215       var: 274.301867       oS: 20.617524         d: -0.000056    wind_x: 0.015782     wind_y: 0.026069  
  xiplus: 33.675491       var: 263.542257       oS: 22.016006         d: -0.000058    wind_x: 0.015846     wind_y: 0.025409  
  xiplus: 33.666825       var: 261.769127       oS: 20.552746         d: -0.000060    wind_x: 0.015394     wind_y: 0.026095  
  xiplus: 33.666589       var: 280.818624       oS: 20.725598         d: -0.000056    wind_x: 0.015426     wind_y: 0.025467  
  xiplus: 33.667931       var: 279.599680       oS: 19.731001         d: -0.000054    wind_x: 0.015316     wind_y: 0.026050  
  xiplus: 33.665628       var: 274.441382       oS: 20.228770         d: -0.000056    wind_x: 0.015392     wind_y: 0.025934  
  xiplus: 33.667700       var: 264.320107       oS: 20.680052         d: -0.000060    wind_x: 0.014997     wind_y: 0.025513  
  xiplus: 33.665408       var: 271.806427       oS: 20.633156         d: -0.000057    wind_x: 0.015586     wind_y: 0.025930  
  xiplus: 33.667189       var: 280.867768       oS: 20.776994         d: -0.000055    wind_x: 0.015462     wind_y: 0.025421  
  xiplus: 33.665327       var: 266.543787       oS: 20.608808         d: -0.000059    wind_x: 0.015411     wind_y: 0.025926  
  xiplus: 33.668874       var: 256.108336       oS: 20.557426         d: -0.000059    wind_x: 0.015424     wind_y: 0.026232  
  xiplus: 33.665134       var: 274.641052       oS: 20.683555         d: -0.000057    wind_x: 0.015426     wind_y: 0.025658  
  xiplus: 33.669893       var: 271.497877       oS: 18.693324         d: -0.000056    wind_x: 0.015741     wind_y: 0.026363  
  xiplus: 33.665051       var: 268.920275       oS: 21.207147         d: -0.000058    wind_x: 0.015335     wind_y: 0.025662  
  xiplus: 33.665560       var: 281.076440       oS: 21.652835         d: -0.000056    wind_x: 0.015323     wind_y: 0.025614  
  xiplus: 33.665466       var: 270.753810       oS: 21.685430         d: -0.000059    wind_x: 0.015441     wind_y: 0.025582  
  xiplus: 33.666325       var: 259.989700       oS: 20.274403         d: -0.000060    wind_x: 0.015556     wind_y: 0.025890  
  xiplus: 33.664969       var: 275.804755       oS: 21.308227         d: -0.000057    wind_x: 0.015381     wind_y: 0.025683  
  xiplus: 33.665603       var: 272.332708       oS: 20.090927         d: -0.000056    wind_x: 0.015415     wind_y: 0.025961  
  xiplus: 33.664985       var: 271.148535       oS: 21.286805         d: -0.000058    wind_x: 0.015434     wind_y: 0.025677  
  xiplus: 33.665781       var: 271.016934       oS: 21.404661         d: -0.000059    wind_x: 0.015209     wind_y: 0.025513  
  xiplus: 33.664949       var: 271.609054       oS: 20.826032         d: -0.000057    wind_x: 0.015492     wind_y: 0.025826  
  xiplus: 33.666156       var: 278.305681       oS: 21.515898         d: -0.000056    wind_x: 0.015416     wind_y: 0.025476  
  xiplus: 33.664898       var: 269.484261       oS: 20.835581         d: -0.000058    wind_x: 0.015412     wind_y: 0.025814  
  xiplus: 33.664837       var: 268.145700       oS: 21.501961         d: -0.000058    wind_x: 0.015396     wind_y: 0.025806  
  xiplus: 33.665138       var: 264.898024       oS: 21.911165         d: -0.000059    wind_x: 0.015381     wind_y: 0.025880  
  xiplus: 33.665035       var: 273.556647       oS: 21.096296         d: -0.000057    wind_x: 0.015511     wind_y: 0.025860  
  xiplus: 33.664863       var: 272.397554       oS: 21.124009         d: -0.000057    wind_x: 0.015467     wind_y: 0.025810  
  xiplus: 33.665077       var: 271.827994       oS: 20.951520         d: -0.000057    wind_x: 0.015425     wind_y: 0.025898  
  xiplus: 33.664843       var: 271.318400       oS: 21.202983         d: -0.000058    wind_x: 0.015432     wind_y: 0.025732  
  xiplus: 33.665299       var: 265.377232       oS: 20.887999         d: -0.000059    wind_x: 0.015498     wind_y: 0.025913  
  xiplus: 33.664824       var: 273.197874       oS: 21.203170         d: -0.000057    wind_x: 0.015411     wind_y: 0.025740  
  xiplus: 33.664804       var: 270.208461       oS: 21.521050         d: -0.000058    wind_x: 0.015356     wind_y: 0.025735  
  xiplus: 33.664951       var: 269.508165       oS: 21.868558         d: -0.000059    wind_x: 0.015288     wind_y: 0.025690  
  xiplus: 33.664750       var: 272.622935       oS: 21.785689         d: -0.000058    wind_x: 0.015412     wind_y: 0.025716  
  xiplus: 33.664810       var: 274.192272       oS: 22.260743         d: -0.000057    wind_x: 0.015412     wind_y: 0.025667  
  xiplus: 33.664874       var: 269.799794       oS: 21.761933         d: -0.000058    wind_x: 0.015335     wind_y: 0.025681  
  xiplus: 33.664789       var: 271.748114       oS: 21.283490         d: -0.000058    wind_x: 0.015434     wind_y: 0.025778  
  xiplus: 33.664739       var: 271.050834       oS: 21.715160         d: -0.000058    wind_x: 0.015372     wind_y: 0.025778  
  xiplus: 33.664788       var: 270.917051       oS: 21.971249         d: -0.000058    wind_x: 0.015341     wind_y: 0.025801  
  xiplus: 33.664905       var: 275.385588       oS: 21.501462         d: -0.000057    wind_x: 0.015398     wind_y: 0.025693  
  xiplus: 33.664763       var: 269.955672       oS: 21.501837         d: -0.000058    wind_x: 0.015396     wind_y: 0.025778  
  xiplus: 33.664743       var: 269.036532       oS: 21.919720         d: -0.000058    wind_x: 0.015378     wind_y: 0.025774  
  xiplus: 33.664713       var: 271.557173       oS: 21.761308         d: -0.000057    wind_x: 0.015441     wind_y: 0.025794  
  xiplus: 33.664763       var: 272.231529       oS: 21.881438         d: -0.000057    wind_x: 0.015484     wind_y: 0.025823  
  xiplus: 33.664684       var: 269.941145       oS: 22.189996         d: -0.000058    wind_x: 0.015365     wind_y: 0.025758  
  xiplus: 33.664707       var: 269.037660       oS: 22.643249         d: -0.000058    wind_x: 0.015331     wind_y: 0.025747  
  xiplus: 33.664637       var: 271.727776       oS: 22.246913         d: -0.000058    wind_x: 0.015391     wind_y: 0.025750  
  xiplus: 33.664597       var: 272.613828       oS: 22.619451         d: -0.000058    wind_x: 0.015388     wind_y: 0.025736  
  xiplus: 33.664743       var: 269.056870       oS: 22.296565         d: -0.000058    wind_x: 0.015365     wind_y: 0.025820  
  xiplus: 33.664636       var: 272.651408       oS: 22.313273         d: -0.000057    wind_x: 0.015395     wind_y: 0.025780  
  xiplus: 33.664751       var: 274.068885       oS: 21.943110         d: -0.000057    wind_x: 0.015419     wind_y: 0.025719  
  xiplus: 33.664673       var: 270.309874       oS: 22.208201         d: -0.000058    wind_x: 0.015379     wind_y: 0.025795  
  xiplus: 33.664560       var: 271.778537       oS: 22.721731         d: -0.000057    wind_x: 0.015416     wind_y: 0.025767  
  xiplus: 33.664509       var: 272.142388       oS: 23.225016         d: -0.000057    wind_x: 0.015438     wind_y: 0.025762  
  xiplus: 33.664548       var: 271.506284       oS: 23.261066         d: -0.000058    wind_x: 0.015345     wind_y: 0.025738  
  xiplus: 33.664521       var: 273.748368       oS: 23.260807         d: -0.000057    wind_x: 0.015412     wind_y: 0.025767  
  xiplus: 33.664525       var: 274.755037       oS: 23.663644         d: -0.000057    wind_x: 0.015412     wind_y: 0.025719  
  xiplus: 33.664447       var: 273.254954       oS: 24.098721         d: -0.000057    wind_x: 0.015403     wind_y: 0.025709  
  xiplus: 33.664437       var: 273.556727       oS: 24.991445         d: -0.000058    wind_x: 0.015407     wind_y: 0.025673  
  xiplus: 33.664360       var: 273.669694       oS: 24.741341         d: -0.000057    wind_x: 0.015418     wind_y: 0.025728  
  xiplus: 33.664282       var: 274.197626       oS: 25.802287         d: -0.000057    wind_x: 0.015432     wind_y: 0.025723  
  xiplus: 33.664571       var: 275.853775       oS: 25.116213         d: -0.000057    wind_x: 0.015496     wind_y: 0.025719  
  xiplus: 33.664453       var: 272.593156       oS: 23.724853         d: -0.000057    wind_x: 0.015382     wind_y: 0.025734  
  xiplus: 33.664331       var: 271.740270       oS: 24.738120         d: -0.000058    wind_x: 0.015416     wind_y: 0.025745  
  xiplus: 33.664342       var: 271.943699       oS: 25.731881         d: -0.000058    wind_x: 0.015418     wind_y: 0.025688  
  xiplus: 33.664274       var: 273.470203       oS: 26.770418         d: -0.000058    wind_x: 0.015385     wind_y: 0.025663  
  xiplus: 33.664297       var: 274.134111       oS: 28.543119         d: -0.000058    wind_x: 0.015358     wind_y: 0.025613  
  xiplus: 33.664309       var: 273.370254       oS: 27.488807         d: -0.000057    wind_x: 0.015441     wind_y: 0.025663  
  xiplus: 33.664145       var: 272.332094       oS: 27.221160         d: -0.000057    wind_x: 0.015430     wind_y: 0.025719  
  xiplus: 33.664042       var: 271.719777       oS: 28.336017         d: -0.000057    wind_x: 0.015442     wind_y: 0.025742  
  xiplus: 33.664114       var: 273.855553       oS: 27.522378         d: -0.000057    wind_x: 0.015429     wind_y: 0.025727  
  xiplus: 33.664148       var: 274.905096       oS: 29.629843         d: -0.000057    wind_x: 0.015435     wind_y: 0.025662  
  xiplus: 33.664063       var: 273.889048       oS: 27.735570         d: -0.000056    wind_x: 0.015408     wind_y: 0.025744  
  xiplus: 33.663964       var: 272.938245       oS: 30.195403         d: -0.000057    wind_x: 0.015407     wind_y: 0.025692  
  xiplus: 33.663883       var: 272.308554       oS: 32.391962         d: -0.000057    wind_x: 0.015394     wind_y: 0.025676  
  xiplus: 33.663845       var: 273.201008       oS: 31.475890         d: -0.000056    wind_x: 0.015458     wind_y: 0.025758  
  xiplus: 33.663777       var: 273.066410       oS: 33.828625         d: -0.000055    wind_x: 0.015495     wind_y: 0.025806  
  xiplus: 33.663884       var: 271.030641       oS: 30.295978         d: -0.000057    wind_x: 0.015432     wind_y: 0.025816  
  xiplus: 33.663716       var: 270.950219       oS: 33.512882         d: -0.000056    wind_x: 0.015440     wind_y: 0.025787  
  xiplus: 33.663653       var: 269.497553       oS: 36.508135         d: -0.000056    wind_x: 0.015446     wind_y: 0.025817  
  xiplus: 33.663718       var: 269.160126       oS: 36.808717         d: -0.000056    wind_x: 0.015476     wind_y: 0.025799  
  xiplus: 33.663543       var: 270.305536       oS: 39.597350         d: -0.000055    wind_x: 0.015455     wind_y: 0.025823  
  xiplus: 33.663487       var: 269.598416       oS: 45.228017         d: -0.000055    wind_x: 0.015462     wind_y: 0.025864  
  xiplus: 33.663516       var: 270.421782       oS: 43.610205         d: -0.000055    wind_x: 0.015477     wind_y: 0.025769  
  xiplus: 33.663830       var: 268.389161       oS: 46.001517         d: -0.000054    wind_x: 0.015548     wind_y: 0.025946  
  xiplus: 33.663634       var: 269.369009       oS: 42.599129         d: -0.000055    wind_x: 0.015510     wind_y: 0.025878  
  xiplus: 33.663658       var: 266.152344       oS: 48.073055         d: -0.000055    wind_x: 0.015453     wind_y: 0.025845  
  xiplus: 33.663454       var: 268.855516       oS: 49.598699         d: -0.000054    wind_x: 0.015463     wind_y: 0.025871  
  xiplus: 33.663456       var: 268.703210       oS: 55.993690         d: -0.000053    wind_x: 0.015457     wind_y: 0.025907  
  xiplus: 33.663587       var: 272.944566       oS: 38.944618         d: -0.000054    wind_x: 0.015490     wind_y: 0.025835  
  xiplus: 33.663435       var: 270.978163       oS: 51.484132         d: -0.000053    wind_x: 0.015515     wind_y: 0.025870  
  xiplus: 33.663472       var: 271.718468       oS: 58.972131         d: -0.000052    wind_x: 0.015549     wind_y: 0.025896  
  xiplus: 33.663309       var: 271.750368       oS: 48.947140         d: -0.000054    wind_x: 0.015453     wind_y: 0.025805  
  xiplus: 33.663237       var: 272.941047       oS: 52.121145         d: -0.000054    wind_x: 0.015425     wind_y: 0.025768  
  xiplus: 33.663353       var: 268.173403       oS: 57.872261         d: -0.000054    wind_x: 0.015447     wind_y: 0.025822  
  xiplus: 33.663402       var: 269.796836       oS: 58.911497         d: -0.000053    wind_x: 0.015448     wind_y: 0.025909  
  xiplus: 33.663192       var: 270.699570       oS: 62.767077         d: -0.000052    wind_x: 0.015457     wind_y: 0.025832  
  xiplus: 33.663104       var: 271.250147       oS: 71.536607         d: -0.000051    wind_x: 0.015455     wind_y: 0.025816  
  xiplus: 33.663117       var: 272.400323       oS: 67.171558         d: -0.000052    wind_x: 0.015452     wind_y: 0.025803  
  xiplus: 33.663107       var: 270.846540       oS: 71.561095         d: -0.000052    wind_x: 0.015376     wind_y: 0.025778  
  xiplus: 33.663214       var: 272.447748       oS: 69.193569         d: -0.000052    wind_x: 0.015414     wind_y: 0.025686  
  xiplus: 33.663122       var: 275.780919       oS: 74.761329         d: -0.000051    wind_x: 0.015403     wind_y: 0.025718  
  xiplus: 33.662990       var: 272.149223       oS: 89.568518         d: -0.000050    wind_x: 0.015415     wind_y: 0.025752  
  xiplus: 33.662944       var: 271.753311       oS: 108.292204        d: -0.000047    wind_x: 0.015410     wind_y: 0.025744  
  xiplus: 33.663071       var: 272.364748       oS: 88.135548         d: -0.000049    wind_x: 0.015424     wind_y: 0.025857  
  xiplus: 33.663267       var: 267.665109       oS: 87.917476         d: -0.000050    wind_x: 0.015444     wind_y: 0.025881  
  xiplus: 33.663029       var: 273.751966       oS: 78.050366         d: -0.000050    wind_x: 0.015413     wind_y: 0.025759  
  xiplus: 33.662961       var: 271.586362       oS: 99.858770         d: -0.000048    wind_x: 0.015379     wind_y: 0.025778  
  xiplus: 33.662944       var: 273.436074       oS: 106.788303        d: -0.000046    wind_x: 0.015456     wind_y: 0.025804  
  xiplus: 33.662992       var: 274.730841       oS: 124.401907        d: -0.000044    wind_x: 0.015496     wind_y: 0.025817  
  xiplus: 33.662901       var: 273.906837       oS: 120.913469        d: -0.000045    wind_x: 0.015378     wind_y: 0.025761  
  xiplus: 33.662938       var: 275.235183       oS: 145.601901        d: -0.000042    wind_x: 0.015339     wind_y: 0.025733  
  xiplus: 33.662995       var: 273.409073       oS: 117.425697        d: -0.000046    wind_x: 0.015390     wind_y: 0.025681  
  xiplus: 33.662849       var: 271.884697       oS: 143.261012        d: -0.000043    wind_x: 0.015392     wind_y: 0.025748  
  xiplus: 33.662827       var: 270.951062       oS: 175.866335        d: -0.000039    wind_x: 0.015381     wind_y: 0.025743  
  xiplus: 33.662955       var: 271.244386       oS: 127.261936        d: -0.000044    wind_x: 0.015411     wind_y: 0.025851  
  xiplus: 33.662816       var: 272.930306       oS: 155.790129        d: -0.000041    wind_x: 0.015436     wind_y: 0.025782  
  xiplus: 33.662808       var: 273.602279       oS: 183.755808        d: -0.000038    wind_x: 0.015464     wind_y: 0.025785  
  xiplus: 33.662957       var: 274.215439       oS: 150.984512        d: -0.000042    wind_x: 0.015424     wind_y: 0.025683  
  xiplus: 33.662869       var: 271.987149       oS: 133.192580        d: -0.000044    wind_x: 0.015415     wind_y: 0.025809  
  xiplus: 33.662801       var: 273.800049       oS: 179.914394        d: -0.000037    wind_x: 0.015428     wind_y: 0.025817  
  xiplus: 33.662855       var: 274.823418       oS: 215.725489        d: -0.000032    wind_x: 0.015437     wind_y: 0.025853  
  xiplus: 33.662751       var: 272.262877       oS: 210.668732        d: -0.000035    wind_x: 0.015370     wind_y: 0.025762  
  xiplus: 33.662774       var: 271.676278       oS: 262.608946        d: -0.000029    wind_x: 0.015327     wind_y: 0.025741  
  xiplus: 33.662739       var: 271.134529       oS: 232.445670        d: -0.000032    wind_x: 0.015446     wind_y: 0.025805  
  xiplus: 33.662787       var: 269.748375       oS: 288.211771        d: -0.000025    wind_x: 0.015480     wind_y: 0.025827  
  xiplus: 33.662678       var: 272.713169       oS: 259.867796        d: -0.000029    wind_x: 0.015421     wind_y: 0.025756  
  xiplus: 33.662654       var: 273.076179       oS: 323.205404        d: -0.000021    wind_x: 0.015424     wind_y: 0.025729  
  xiplus: 33.662735       var: 274.599303       oS: 276.129668        d: -0.000026    wind_x: 0.015472     wind_y: 0.025816  
  xiplus: 33.662639       var: 272.346896       oS: 305.189739        d: -0.000023    wind_x: 0.015391     wind_y: 0.025787  
  xiplus: 33.662655       var: 271.719205       oS: 365.906704        d: -0.000015    wind_x: 0.015355     wind_y: 0.025788  
  xiplus: 33.662631       var: 271.567864       oS: 359.141291        d: -0.000017    wind_x: 0.015414     wind_y: 0.025743  
  xiplus: 33.662708       var: 270.451772       oS: 448.754740        d: -0.000007    wind_x: 0.015406     wind_y: 0.025706  
  xiplus: 33.662666       var: 272.827032       oS: 387.775977        d: -0.000013    wind_x: 0.015489     wind_y: 0.025790  
  xiplus: 33.662602       var: 274.632381       oS: 428.131161        d: -0.000008    wind_x: 0.015430     wind_y: 0.025741  
  xiplus: 33.662679       var: 276.381306       oS: 525.973907        d: 0.000004     wind_x: 0.015423     wind_y: 0.025708  
  xiplus: 33.662671       var: 271.180837       oS: 445.247761        d: -0.000007    wind_x: 0.015388     wind_y: 0.025700  
  xiplus: 33.662612       var: 272.035454       oS: 402.968238        d: -0.000012    wind_x: 0.015409     wind_y: 0.025729  
  xiplus: 33.662697       var: 272.636478       oS: 339.678356        d: -0.000020    wind_x: 0.015339     wind_y: 0.025701  
  xiplus: 33.662613       var: 272.779393       oS: 375.751572        d: -0.000014    wind_x: 0.015451     wind_y: 0.025768  
  xiplus: 33.662564       var: 272.268616       oS: 425.267397        d: -0.000009    wind_x: 0.015414     wind_y: 0.025778  
  xiplus: 33.662570       var: 271.864835       oS: 476.298393        d: -0.000002    wind_x: 0.015408     wind_y: 0.025802  
  xiplus: 33.662674       var: 272.966587       oS: 491.314125        d: -0.000001    wind_x: 0.015455     wind_y: 0.025716  
  xiplus: 33.662595       var: 272.501819       oS: 351.720835        d: -0.000017    wind_x: 0.015407     wind_y: 0.025769  
  xiplus: 33.662574       var: 274.119201       oS: 434.394390        d: -0.000007    wind_x: 0.015431     wind_y: 0.025771  
  xiplus: 33.662568       var: 273.443595       oS: 441.241237        d: -0.000007    wind_x: 0.015385     wind_y: 0.025747  
  xiplus: 33.662601       var: 274.750791       oS: 429.333770        d: -0.000008    wind_x: 0.015418     wind_y: 0.025794  
  xiplus: 33.662596       var: 272.201228       oS: 404.651890        d: -0.000011    wind_x: 0.015392     wind_y: 0.025803  
  xiplus: 33.662610       var: 271.062993       oS: 393.576529        d: -0.000013    wind_x: 0.015393     wind_y: 0.025754  
  xiplus: 33.662573       var: 273.828841       oS: 420.394460        d: -0.000009    wind_x: 0.015412     wind_y: 0.025784  
  xiplus: 33.662598       var: 274.263601       oS: 424.555437        d: -0.000009    wind_x: 0.015428     wind_y: 0.025737  
  xiplus: 33.662572       var: 272.716821       oS: 409.627777        d: -0.000010    wind_x: 0.015401     wind_y: 0.025786  
  xiplus: 33.662563       var: 274.049011       oS: 500.649269        d: 0.000001     wind_x: 0.015410     wind_y: 0.025777  
  xiplus: 33.662599       var: 274.822607       oS: 575.113485        d: 0.000010     wind_x: 0.015411     wind_y: 0.025781  
  xiplus: 33.662578       var: 272.403553       oS: 444.477665        d: -0.000006    wind_x: 0.015378     wind_y: 0.025778  
  xiplus: 33.662563       var: 273.690289       oS: 436.915209        d: -0.000007    wind_x: 0.015418     wind_y: 0.025773  
  xiplus: 33.662555       var: 272.638492       oS: 465.085895        d: -0.000004    wind_x: 0.015399     wind_y: 0.025761  
  xiplus: 33.662566       var: 272.043317       oS: 487.431613        d: -0.000001    wind_x: 0.015392     wind_y: 0.025750  
  xiplus: 33.662560       var: 273.719180       oS: 498.035825        d: 0.000000     wind_x: 0.015409     wind_y: 0.025748  
  xiplus: 33.662559       var: 273.102640       oS: 489.140201        d: -0.000000    wind_x: 0.015434     wind_y: 0.025788  
  xiplus: 33.662575       var: 274.611228       oS: 530.663163        d: 0.000005     wind_x: 0.015414     wind_y: 0.025761  
  xiplus: 33.662554       var: 272.854269       oS: 451.616338        d: -0.000005    wind_x: 0.015414     wind_y: 0.025774  
  xiplus: 33.662568       var: 272.352937       oS: 435.668119        d: -0.000007    wind_x: 0.015420     wind_y: 0.025760  
  xiplus: 33.662555       var: 273.624993       oS: 484.403981        d: -0.000001    wind_x: 0.015412     wind_y: 0.025773  
  xiplus: 33.662552       var: 272.685541       oS: 518.397688        d: 0.000003     wind_x: 0.015410     wind_y: 0.025764  
  xiplus: 33.662563       var: 272.183166       oS: 559.138927        d: 0.000007     wind_x: 0.015405     wind_y: 0.025760  
  xiplus: 33.662561       var: 272.243194       oS: 465.421816        d: -0.000003    wind_x: 0.015418     wind_y: 0.025796  
  xiplus: 33.662553       var: 273.350183       oS: 489.882323        d: -0.000001    wind_x: 0.015411     wind_y: 0.025760  
  xiplus: 33.662563       var: 272.958751       oS: 474.614289        d: -0.000003    wind_x: 0.015384     wind_y: 0.025745  
  xiplus: 33.662552       var: 273.066668       oS: 485.508723        d: -0.000001    wind_x: 0.015422     wind_y: 0.025777  
  xiplus: 33.662558       var: 273.594170       oS: 506.837726        d: 0.000002     wind_x: 0.015429     wind_y: 0.025778  
  xiplus: 33.662551       var: 272.877411       oS: 475.523853        d: -0.000002    wind_x: 0.015406     wind_y: 0.025765  
  xiplus: 33.662556       var: 272.308636       oS: 483.967589        d: -0.000002    wind_x: 0.015413     wind_y: 0.025763  
  xiplus: 33.662551       var: 273.295904       oS: 484.294883        d: -0.000001    wind_x: 0.015412     wind_y: 0.025770  
  xiplus: 33.662554       var: 273.256013       oS: 529.826650        d: 0.000004     wind_x: 0.015411     wind_y: 0.025761  
  xiplus: 33.662551       var: 273.155577       oS: 510.274072        d: 0.000002     wind_x: 0.015411     wind_y: 0.025764  
  xiplus: 33.662550       var: 272.682257       oS: 499.717364        d: 0.000001     wind_x: 0.015413     wind_y: 0.025777  
  xiplus: 33.662554       var: 272.348294       oS: 504.634885        d: 0.000001     wind_x: 0.015414     wind_y: 0.025785  
  xiplus: 33.662552       var: 272.812008       oS: 509.774421        d: 0.000002     wind_x: 0.015399     wind_y: 0.025759  
  xiplus: 33.662550       var: 273.003003       oS: 491.575148        d: -0.000000    wind_x: 0.015416     wind_y: 0.025773  
  xiplus: 33.662554       var: 273.320120       oS: 466.156440        d: -0.000003    wind_x: 0.015414     wind_y: 0.025775  
  xiplus: 33.662550       var: 272.844185       oS: 505.337376        d: 0.000001     wind_x: 0.015411     wind_y: 0.025767  
  xiplus: 33.662552       var: 272.529070       oS: 508.676242        d: 0.000002     wind_x: 0.015411     wind_y: 0.025768  
  xiplus: 33.662550       var: 273.104195       oS: 490.390223        d: -0.000001    wind_x: 0.015412     wind_y: 0.025770  
  xiplus: 33.662552       var: 273.038276       oS: 523.393820        d: 0.000003     wind_x: 0.015419     wind_y: 0.025775  
  xiplus: 33.662550       var: 272.917627       oS: 487.491345        d: -0.000001    wind_x: 0.015409     wind_y: 0.025768  
  xiplus: 33.662551       var: 272.664930       oS: 479.530510        d: -0.000002    wind_x: 0.015413     wind_y: 0.025777  
  xiplus: 33.662550       var: 273.032915       oS: 502.588181        d: 0.000001     wind_x: 0.015412     wind_y: 0.025768  
  xiplus: 33.662550       var: 272.829469       oS: 502.634648        d: 0.000001     wind_x: 0.015407     wind_y: 0.025767  
  xiplus: 33.662551       var: 272.742702       oS: 508.164398        d: 0.000001     wind_x: 0.015402     wind_y: 0.025764  
  xiplus: 33.662552       var: 273.209100       oS: 495.659345        d: 0.000000     wind_x: 0.015407     wind_y: 0.025759  
  xiplus: 33.662550       var: 272.813968       oS: 498.702859        d: 0.000000     wind_x: 0.015412     wind_y: 0.025772  
  xiplus: 33.662551       var: 272.671071       oS: 508.311541        d: 0.000002     wind_x: 0.015408     wind_y: 0.025767  
  xiplus: 33.662550       var: 272.995914       oS: 494.870552        d: -0.000000    wind_x: 0.015411     wind_y: 0.025769  
  xiplus: 33.662550       var: 272.991772       oS: 489.177659        d: -0.000001    wind_x: 0.015410     wind_y: 0.025770  
  xiplus: 33.662550       var: 272.786585       oS: 486.562644        d: -0.000001    wind_x: 0.015407     wind_y: 0.025771  
  xiplus: 33.662550       var: 272.971333       oS: 498.581797        d: 0.000000     wind_x: 0.015411     wind_y: 0.025768  
  xiplus: 33.662550       var: 272.923355       oS: 506.095661        d: 0.000001     wind_x: 0.015410     wind_y: 0.025771  
  xiplus: 33.662550       var: 273.049067       oS: 492.336763        d: -0.000000    wind_x: 0.015415     wind_y: 0.025773  
  xiplus: 33.662550       var: 272.884369       oS: 500.060177        d: 0.000001     wind_x: 0.015409     wind_y: 0.025769  
  xiplus: 33.662550       var: 272.843803       oS: 510.146760        d: 0.000002     wind_x: 0.015411     wind_y: 0.025769  
  xiplus: 33.662550       var: 272.954780       oS: 494.419934        d: -0.000000    wind_x: 0.015410     wind_y: 0.025770  
  xiplus: 33.662550       var: 272.823207       oS: 504.273619        d: 0.000001     wind_x: 0.015410     wind_y: 0.025771  
  xiplus: 33.662550       var: 272.788539       oS: 502.839103        d: 0.000001     wind_x: 0.015409     wind_y: 0.025773  
  xiplus: 33.662550       var: 272.925634       oS: 499.646124        d: 0.000001     wind_x: 0.015410     wind_y: 0.025769  
  xiplus: 33.662550       var: 272.837428       oS: 492.745424        d: -0.000000    wind_x: 0.015410     wind_y: 0.025769  
  xiplus: 33.662550       var: 272.901873       oS: 502.758102        d: 0.000001     wind_x: 0.015410     wind_y: 0.025771  
  xiplus: 33.662550       var: 272.969042       oS: 493.961259        d: -0.000000    wind_x: 0.015411     wind_y: 0.025769  
  xiplus: 33.662550       var: 272.932583       oS: 496.539349        d: 0.000000     wind_x: 0.015410     wind_y: 0.025770  
  xiplus: 33.662550       var: 273.025728       oS: 498.666615        d: 0.000000     wind_x: 0.015408     wind_y: 0.025767  
  xiplus: 33.662550       var: 272.866908       oS: 498.693798        d: 0.000000     wind_x: 0.015411     wind_y: 0.025771  
  xiplus: 33.662550       var: 272.948343       oS: 496.762746        d: 0.000000     wind_x: 0.015412     wind_y: 0.025772  
  xiplus: 33.662550       var: 272.932349       oS: 497.587104        d: 0.000000     wind_x: 0.015411     wind_y: 0.025771  
  xiplus: 33.662550       var: 272.868959       oS: 503.669857        d: 0.000001     wind_x: 0.015411     wind_y: 0.025771  
  xiplus: 33.662550       var: 272.933325       oS: 496.732415        d: 0.000000     wind_x: 0.015410     wind_y: 0.025770  
  xiplus: 33.662550       var: 272.901181       oS: 497.278184        d: 0.000000     wind_x: 0.015411     wind_y: 0.025772  
  xiplus: 33.662550       var: 272.888954       oS: 496.094214        d: 0.000000     wind_x: 0.015411     wind_y: 0.025773  
  xiplus: 33.662550       var: 272.924665       oS: 491.974238        d: -0.000000    wind_x: 0.015411     wind_y: 0.025771  
  xiplus: 33.662550       var: 272.907571       oS: 500.062136        d: 0.000001     wind_x: 0.015410     wind_y: 0.025771  
  xiplus: 33.662550       var: 272.883950       oS: 499.602105        d: 0.000001     wind_x: 0.015411     wind_y: 0.025772  
  xiplus: 33.662550       var: 272.864825       oS: 499.360351        d: 0.000001     wind_x: 0.015410     wind_y: 0.025771  
  xiplus: 33.662550       var: 272.905574       oS: 497.248648        d: 0.000000     wind_x: 0.015410     wind_y: 0.025770  
  xiplus: 33.662550       var: 272.938082       oS: 497.578895        d: 0.000000     wind_x: 0.015410     wind_y: 0.025770  
  xiplus: 33.662550       var: 272.873569       oS: 499.878871        d: 0.000001     wind_x: 0.015410     wind_y: 0.025771  
  xiplus: 33.662550       var: 272.843690       oS: 501.452099        d: 0.000001     wind_x: 0.015410     wind_y: 0.025772  
  xiplus: 33.662550       var: 272.888518       oS: 500.414727        d: 0.000001     wind_x: 0.015411     wind_y: 0.025772  
  xiplus: 33.662550       var: 272.901310       oS: 498.040168        d: 0.000000     wind_x: 0.015410     wind_y: 0.025770  
  xiplus: 33.662550       var: 272.892962       oS: 500.689985        d: 0.000001     wind_x: 0.015410     wind_y: 0.025770  
  xiplus: 33.662550       var: 272.899126       oS: 498.131134        d: 0.000000     wind_x: 0.015410     wind_y: 0.025771  
  xiplus: 33.662550       var: 272.840478       oS: 500.610169        d: 0.000001     wind_x: 0.015411     wind_y: 0.025771  
  xiplus: 33.662550       var: 272.913681       oS: 498.336714        d: 0.000000     wind_x: 0.015410     wind_y: 0.025771  
  xiplus: 33.662550       var: 272.933278       oS: 498.419258        d: 0.000000     wind_x: 0.015410     wind_y: 0.025771  
  xiplus: 33.662550       var: 272.881938       oS: 499.125078        d: 0.000000     wind_x: 0.015410     wind_y: 0.025771  
  xiplus: 33.662550       var: 272.880278       oS: 497.342650        d: 0.000000     wind_x: 0.015410     wind_y: 0.025771  
  xiplus: 33.662550       var: 272.916965       oS: 496.511426        d: 0.000000     wind_x: 0.015410     wind_y: 0.025771  
  xiplus: 33.662550       var: 272.884418       oS: 499.037010        d: 0.000000     wind_x: 0.015410     wind_y: 0.025771  
  xiplus: 33.662550       var: 272.911911       oS: 499.725391        d: 0.000001     wind_x: 0.015410     wind_y: 0.025771  
  xiplus: 33.662550       var: 272.888186       oS: 497.938335        d: 0.000000     wind_x: 0.015410     wind_y: 0.025771  
  xiplus: 33.662550       var: 272.885630       oS: 498.987140        d: 0.000000     wind_x: 0.015410     wind_y: 0.025772  
  xiplus: 33.662550       var: 272.897390       oS: 498.276911        d: 0.000000     wind_x: 0.015410     wind_y: 0.025771  
  xiplus: 33.662550       var: 272.911182       oS: 497.562964        d: 0.000000     wind_x: 0.015410     wind_y: 0.025771  
  xiplus: 33.662550       var: 272.898817       oS: 498.329639        d: 0.000000     wind_x: 0.015410     wind_y: 0.025771  
  xiplus: 33.662550       var: 272.898662       oS: 498.428892        d: 0.000000     wind_x: 0.015410     wind_y: 0.025770  
  xiplus: 33.662550       var: 272.919285       oS: 497.140815        d: 0.000000     wind_x: 0.015410     wind_y: 0.025770  
  xiplus: 33.662550       var: 272.893134       oS: 498.562961        d: 0.000000     wind_x: 0.015410     wind_y: 0.025771  
  xiplus: 33.662550       var: 272.885301       oS: 499.014861        d: 0.000000     wind_x: 0.015410     wind_y: 0.025771  
  xiplus: 33.662550       var: 272.904712       oS: 497.925938        d: 0.000000     wind_x: 0.015410     wind_y: 0.025771  
  xiplus: 33.662550       var: 272.902023       oS: 498.160524        d: 0.000000     wind_x: 0.015410     wind_y: 0.025771  
  xiplus: 33.662550       var: 272.904339       oS: 498.102330        d: 0.000000     wind_x: 0.015410     wind_y: 0.025771  
  xiplus: 33.662550       var: 272.881068       oS: 498.030245        d: 0.000000     wind_x: 0.015410     wind_y: 0.025771  
  xiplus: 33.662550       var: 272.905528       oS: 498.260097        d: 0.000000     wind_x: 0.015410     wind_y: 0.025771  
  xiplus: 33.662550       var: 272.913499       oS: 498.557328        d: 0.000000     wind_x: 0.015410     wind_y: 0.025771  
  xiplus: 33.662550       var: 272.894515       oS: 498.093084        d: 0.000000     wind_x: 0.015410     wind_y: 0.025771  
  xiplus: 33.662550       var: 272.901148       oS: 498.071402        d: 0.000000     wind_x: 0.015410     wind_y: 0.025771  
  xiplus: 33.662550       var: 272.899400       oS: 498.265080        d: 0.000000     wind_x: 0.015410     wind_y: 0.025771  
  xiplus: 33.662550       var: 272.893128       oS: 498.610760        d: 0.000000     wind_x: 0.015410     wind_y: 0.025771  
  xiplus: 33.662550       var: 272.904702       oS: 497.992857        d: 0.000000     wind_x: 0.015410     wind_y: 0.025771  
  xiplus: 33.662550       var: 272.901810       oS: 498.135383        d: 0.000000     wind_x: 0.015410     wind_y: 0.025771  
  xiplus: 33.662550       var: 272.906241       oS: 498.479654        d: 0.000000     wind_x: 0.015410     wind_y: 0.025771  
  xiplus: 33.662550       var: 272.895512       oS: 498.400464        d: 0.000000     wind_x: 0.015410     wind_y: 0.025771  
  xiplus: 33.662550       var: 272.908867       oS: 497.965681        d: 0.000000     wind_x: 0.015410     wind_y: 0.025771  
  xiplus: 33.662550       var: 272.897062       oS: 498.449491        d: 0.000000     wind_x: 0.015410     wind_y: 0.025771  
  xiplus: 33.662550       var: 272.907102       oS: 498.195589        d: 0.000000     wind_x: 0.015410     wind_y: 0.025771  
  xiplus: 33.662550       var: 272.898410       oS: 498.349245        d: 0.000000     wind_x: 0.015410     wind_y: 0.025771  
  xiplus: 33.662550       var: 272.893241       oS: 498.064235        d: 0.000000     wind_x: 0.015410     wind_y: 0.025771  
  xiplus: 33.662550       var: 272.902991       oS: 498.375799        d: 0.000000     wind_x: 0.015410     wind_y: 0.025771  
  xiplus: 33.662550       var: 272.901519       oS: 498.323097        d: 0.000000     wind_x: 0.015410     wind_y: 0.025771  
  xiplus: 33.662550       var: 272.900989       oS: 498.308592        d: 0.000000     wind_x: 0.015410     wind_y: 0.025771  
  xiplus: 33.662550       var: 272.898779       oS: 498.522078        d: 0.000000     wind_x: 0.015410     wind_y: 0.025771  
  xiplus: 33.662550       var: 272.895914       oS: 498.340173        d: 0.000000     wind_x: 0.015410     wind_y: 0.025771  
  xiplus: 33.662550       var: 272.901222       oS: 498.366893        d: 0.000000     wind_x: 0.015410     wind_y: 0.025771  
  xiplus: 33.662550       var: 272.901620       oS: 498.373786        d: 0.000000     wind_x: 0.015410     wind_y: 0.025771  
  xiplus: 33.662550       var: 272.903225       oS: 498.386056        d: 0.000000     wind_x: 0.015410     wind_y: 0.025771  
  xiplus: 33.662550       var: 272.904791       oS: 498.243258        d: 0.000000     wind_x: 0.015410     wind_y: 0.025771  
  xiplus: 33.662550       var: 272.898994       oS: 498.397933        d: 0.000000     wind_x: 0.015410     wind_y: 0.025771  
  xiplus: 33.662550       var: 272.903160       oS: 498.121013        d: 0.000000     wind_x: 0.015410     wind_y: 0.025771  
  xiplus: 33.662550       var: 272.899875       oS: 498.421812        d: 0.000000     wind_x: 0.015410     wind_y: 0.025771  
  xiplus: 33.662550       var: 272.900504       oS: 498.379786        d: 0.000000     wind_x: 0.015410     wind_y: 0.025771  
  xiplus: 33.662550       var: 272.900262       oS: 498.415383        d: 0.000000     wind_x: 0.015410     wind_y: 0.025771  
  xiplus: 33.662550       var: 272.899985       oS: 498.326644        d: 0.000000     wind_x: 0.015410     wind_y: 0.025771  
  xiplus: 33.662550       var: 272.902608       oS: 498.267088        d: 0.000000     wind_x: 0.015410     wind_y: 0.025771  
